TN:
SF:controllers/academicCalendarController.js
FN:7,(anonymous_0)
FN:39,(anonymous_1)
FN:60,(anonymous_2)
FN:88,(anonymous_3)
FN:109,(anonymous_4)
FN:154,(anonymous_5)
FN:182,(anonymous_6)
FNF:7
FNH:0
FNDA:0,(anonymous_0)
FNDA:0,(anonymous_1)
FNDA:0,(anonymous_2)
FNDA:0,(anonymous_3)
FNDA:0,(anonymous_4)
FNDA:0,(anonymous_5)
FNDA:0,(anonymous_6)
DA:1,0
DA:2,0
DA:7,0
DA:8,0
DA:9,0
DA:10,0
DA:13,0
DA:15,0
DA:16,0
DA:22,0
DA:23,0
DA:24,0
DA:26,0
DA:27,0
DA:28,0
DA:32,0
DA:39,0
DA:40,0
DA:41,0
DA:42,0
DA:44,0
DA:45,0
DA:47,0
DA:50,0
DA:52,0
DA:53,0
DA:60,0
DA:61,0
DA:62,0
DA:64,0
DA:65,0
DA:69,0
DA:78,0
DA:80,0
DA:81,0
DA:88,0
DA:89,0
DA:90,0
DA:92,0
DA:93,0
DA:96,0
DA:98,0
DA:99,0
DA:100,0
DA:102,0
DA:109,0
DA:110,0
DA:111,0
DA:112,0
DA:115,0
DA:116,0
DA:118,0
DA:119,0
DA:123,0
DA:124,0
DA:130,0
DA:136,0
DA:138,0
DA:139,0
DA:140,0
DA:142,0
DA:143,0
DA:147,0
DA:154,0
DA:155,0
DA:156,0
DA:158,0
DA:159,0
DA:162,0
DA:163,0
DA:168,0
DA:169,0
DA:171,0
DA:172,0
DA:173,0
DA:175,0
DA:182,0
DA:183,0
DA:184,0
DA:186,0
DA:187,0
DA:192,0
DA:198,0
DA:199,0
DA:202,0
DA:204,0
DA:205,0
LF:87
LH:0
BRDA:9,0,0,0
BRDA:9,0,1,0
BRDA:15,1,0,0
BRDA:15,1,1,0
BRDA:27,2,0,0
BRDA:27,2,1,0
BRDA:44,3,0,0
BRDA:44,3,1,0
BRDA:45,4,0,0
BRDA:45,4,1,0
BRDA:64,5,0,0
BRDA:64,5,1,0
BRDA:92,6,0,0
BRDA:92,6,1,0
BRDA:99,7,0,0
BRDA:99,7,1,0
BRDA:111,8,0,0
BRDA:111,8,1,0
BRDA:118,9,0,0
BRDA:118,9,1,0
BRDA:123,10,0,0
BRDA:123,10,1,0
BRDA:139,11,0,0
BRDA:139,11,1,0
BRDA:142,12,0,0
BRDA:142,12,1,0
BRDA:158,13,0,0
BRDA:158,13,1,0
BRDA:162,14,0,0
BRDA:162,14,1,0
BRDA:172,15,0,0
BRDA:172,15,1,0
BRDA:186,16,0,0
BRDA:186,16,1,0
BRDA:186,17,0,0
BRDA:186,17,1,0
BRDA:186,17,2,0
BRDA:198,18,0,0
BRDA:198,18,1,0
BRF:39
BRH:0
end_of_record
TN:
SF:controllers/authController.js
FN:8,(anonymous_0)
FN:53,(anonymous_1)
FN:75,(anonymous_2)
FNF:3
FNH:0
FNDA:0,(anonymous_0)
FNDA:0,(anonymous_1)
FNDA:0,(anonymous_2)
DA:1,0
DA:2,0
DA:3,0
DA:8,0
DA:9,0
DA:10,0
DA:11,0
DA:14,0
DA:16,0
DA:18,0
DA:21,0
DA:22,0
DA:26,0
DA:27,0
DA:31,0
DA:33,0
DA:34,0
DA:38,0
DA:41,0
DA:49,0
DA:54,0
DA:55,0
DA:67,0
DA:68,0
DA:75,0
DA:76,0
DA:77,0
DA:78,0
DA:80,0
DA:81,0
LF:30
LH:0
BRDA:10,0,0,0
BRDA:10,0,1,0
BRDA:21,1,0,0
BRDA:21,1,1,0
BRDA:26,2,0,0
BRDA:26,2,1,0
BRDA:33,3,0,0
BRDA:33,3,1,0
BRDA:54,4,0,0
BRDA:54,4,1,0
BRF:10
BRH:0
end_of_record
TN:
SF:controllers/departmentController.js
FN:8,(anonymous_0)
FN:32,(anonymous_1)
FN:55,(anonymous_2)
FN:90,(anonymous_3)
FN:142,(anonymous_4)
FN:179,(anonymous_5)
FNF:6
FNH:0
FNDA:0,(anonymous_0)
FNDA:0,(anonymous_1)
FNDA:0,(anonymous_2)
FNDA:0,(anonymous_3)
FNDA:0,(anonymous_4)
FNDA:0,(anonymous_5)
DA:1,0
DA:2,0
DA:3,0
DA:8,0
DA:9,0
DA:10,0
DA:11,0
DA:14,0
DA:15,0
DA:16,0
DA:17,0
DA:19,0
DA:20,0
DA:21,0
DA:25,0
DA:32,0
DA:33,0
DA:34,0
DA:35,0
DA:37,0
DA:38,0
DA:41,0
DA:45,0
DA:47,0
DA:48,0
DA:55,0
DA:56,0
DA:57,0
DA:60,0
DA:61,0
DA:65,0
DA:70,0
DA:77,0
DA:79,0
DA:80,0
DA:81,0
DA:83,0
DA:90,0
DA:91,0
DA:92,0
DA:93,0
DA:96,0
DA:97,0
DA:99,0
DA:100,0
DA:104,0
DA:105,0
DA:111,0
DA:112,0
DA:118,0
DA:124,0
DA:126,0
DA:127,0
DA:128,0
DA:130,0
DA:131,0
DA:135,0
DA:142,0
DA:143,0
DA:144,0
DA:146,0
DA:147,0
DA:151,0
DA:156,0
DA:157,0
DA:163,0
DA:164,0
DA:166,0
DA:168,0
DA:169,0
DA:170,0
DA:172,0
DA:179,0
DA:180,0
DA:181,0
DA:183,0
DA:184,0
DA:187,0
DA:192,0
DA:194,0
DA:195,0
DA:196,0
DA:198,0
LF:83
LH:0
BRDA:10,0,0,0
BRDA:10,0,1,0
BRDA:20,1,0,0
BRDA:20,1,1,0
BRDA:37,2,0,0
BRDA:37,2,1,0
BRDA:60,3,0,0
BRDA:60,3,1,0
BRDA:80,4,0,0
BRDA:80,4,1,0
BRDA:92,5,0,0
BRDA:92,5,1,0
BRDA:99,6,0,0
BRDA:99,6,1,0
BRDA:104,7,0,0
BRDA:104,7,1,0
BRDA:111,8,0,0
BRDA:111,8,1,0
BRDA:127,9,0,0
BRDA:127,9,1,0
BRDA:130,10,0,0
BRDA:130,10,1,0
BRDA:146,11,0,0
BRDA:146,11,1,0
BRDA:156,12,0,0
BRDA:156,12,1,0
BRDA:169,13,0,0
BRDA:169,13,1,0
BRDA:183,14,0,0
BRDA:183,14,1,0
BRDA:195,15,0,0
BRDA:195,15,1,0
BRF:32
BRH:0
end_of_record
TN:
SF:controllers/electiveGroupController.js
FN:10,(anonymous_0)
FN:42,(anonymous_1)
FN:68,(anonymous_2)
FN:123,(anonymous_3)
FN:182,(anonymous_4)
FN:215,(anonymous_5)
FN:236,(anonymous_6)
FN:269,(anonymous_7)
FN:306,(anonymous_8)
FNF:9
FNH:0
FNDA:0,(anonymous_0)
FNDA:0,(anonymous_1)
FNDA:0,(anonymous_2)
FNDA:0,(anonymous_3)
FNDA:0,(anonymous_4)
FNDA:0,(anonymous_5)
FNDA:0,(anonymous_6)
FNDA:0,(anonymous_7)
FNDA:0,(anonymous_8)
DA:1,0
DA:2,0
DA:3,0
DA:4,0
DA:5,0
DA:10,0
DA:11,0
DA:12,0
DA:13,0
DA:16,0
DA:17,0
DA:18,0
DA:21,0
DA:27,0
DA:29,0
DA:30,0
DA:31,0
DA:35,0
DA:42,0
DA:43,0
DA:44,0
DA:45,0
DA:47,0
DA:48,0
DA:49,0
DA:50,0
DA:52,0
DA:58,0
DA:60,0
DA:61,0
DA:68,0
DA:69,0
DA:70,0
DA:75,0
DA:76,0
DA:80,0
DA:105,0
DA:110,0
DA:112,0
DA:113,0
DA:114,0
DA:116,0
DA:123,0
DA:124,0
DA:125,0
DA:126,0
DA:129,0
DA:130,0
DA:132,0
DA:133,0
DA:137,0
DA:138,0
DA:139,0
DA:140,0
DA:145,0
DA:146,0
DA:154,0
DA:164,0
DA:166,0
DA:167,0
DA:168,0
DA:170,0
DA:171,0
DA:175,0
DA:182,0
DA:183,0
DA:184,0
DA:186,0
DA:187,0
DA:191,0
DA:195,0
DA:196,0
DA:201,0
DA:202,0
DA:204,0
DA:205,0
DA:206,0
DA:208,0
DA:215,0
DA:216,0
DA:217,0
DA:219,0
DA:220,0
DA:223,0
DA:225,0
DA:226,0
DA:230,0
DA:231,0
DA:232,0
DA:236,0
DA:237,0
DA:240,0
DA:241,0
DA:245,0
DA:253,0
DA:254,0
DA:256,0
DA:258,0
DA:259,0
DA:260,0
DA:262,0
DA:269,0
DA:270,0
DA:271,0
DA:273,0
DA:274,0
DA:278,0
DA:284,0
DA:285,0
DA:290,0
DA:291,0
DA:293,0
DA:295,0
DA:296,0
DA:297,0
DA:299,0
DA:306,0
DA:307,0
DA:308,0
DA:309,0
DA:312,0
DA:313,0
DA:314,0
DA:317,0
DA:319,0
DA:320,0
DA:321,0
DA:323,0
DA:329,0
DA:331,0
DA:332,0
LF:131
LH:0
BRDA:12,0,0,0
BRDA:12,0,1,0
BRDA:30,1,0,0
BRDA:30,1,1,0
BRDA:47,2,0,0
BRDA:47,2,1,0
BRDA:48,3,0,0
BRDA:48,3,1,0
BRDA:49,4,0,0
BRDA:49,4,1,0
BRDA:50,5,0,0
BRDA:50,5,1,0
BRDA:75,6,0,0
BRDA:75,6,1,0
BRDA:113,7,0,0
BRDA:113,7,1,0
BRDA:125,8,0,0
BRDA:125,8,1,0
BRDA:132,9,0,0
BRDA:132,9,1,0
BRDA:137,10,0,0
BRDA:137,10,1,0
BRDA:139,11,0,0
BRDA:139,11,1,0
BRDA:145,12,0,0
BRDA:145,12,1,0
BRDA:167,13,0,0
BRDA:167,13,1,0
BRDA:170,14,0,0
BRDA:170,14,1,0
BRDA:186,15,0,0
BRDA:186,15,1,0
BRDA:195,16,0,0
BRDA:195,16,1,0
BRDA:205,17,0,0
BRDA:205,17,1,0
BRDA:219,18,0,0
BRDA:219,18,1,0
BRDA:225,19,0,0
BRDA:225,19,1,0
BRDA:231,20,0,0
BRDA:231,20,1,0
BRDA:240,21,0,0
BRDA:240,21,1,0
BRDA:249,22,0,0
BRDA:249,22,1,0
BRDA:259,23,0,0
BRDA:259,23,1,0
BRDA:273,24,0,0
BRDA:273,24,1,0
BRDA:284,25,0,0
BRDA:284,25,1,0
BRDA:296,26,0,0
BRDA:296,26,1,0
BRDA:313,27,0,0
BRDA:313,27,1,0
BRDA:319,28,0,0
BRDA:319,28,1,0
BRDA:320,29,0,0
BRDA:320,29,1,0
BRDA:321,30,0,0
BRDA:321,30,1,0
BRF:62
BRH:0
end_of_record
TN:
SF:controllers/labGroupController.js
FN:10,(anonymous_0)
FN:42,(anonymous_1)
FN:70,(anonymous_2)
FN:95,(anonymous_3)
FN:149,(anonymous_4)
FN:184,(anonymous_5)
FN:206,(anonymous_6)
FNF:7
FNH:0
FNDA:0,(anonymous_0)
FNDA:0,(anonymous_1)
FNDA:0,(anonymous_2)
FNDA:0,(anonymous_3)
FNDA:0,(anonymous_4)
FNDA:0,(anonymous_5)
FNDA:0,(anonymous_6)
DA:1,0
DA:2,0
DA:3,0
DA:4,0
DA:5,0
DA:10,0
DA:11,0
DA:12,0
DA:13,0
DA:16,0
DA:17,0
DA:18,0
DA:21,0
DA:27,0
DA:29,0
DA:30,0
DA:31,0
DA:35,0
DA:42,0
DA:43,0
DA:44,0
DA:45,0
DA:47,0
DA:48,0
DA:49,0
DA:50,0
DA:51,0
DA:53,0
DA:60,0
DA:62,0
DA:63,0
DA:70,0
DA:71,0
DA:72,0
DA:78,0
DA:79,0
DA:82,0
DA:84,0
DA:85,0
DA:86,0
DA:88,0
DA:95,0
DA:96,0
DA:97,0
DA:98,0
DA:101,0
DA:102,0
DA:104,0
DA:105,0
DA:109,0
DA:110,0
DA:111,0
DA:112,0
DA:117,0
DA:118,0
DA:126,0
DA:136,0
DA:138,0
DA:139,0
DA:140,0
DA:142,0
DA:149,0
DA:150,0
DA:151,0
DA:153,0
DA:154,0
DA:158,0
DA:159,0
DA:164,0
DA:165,0
DA:170,0
DA:171,0
DA:173,0
DA:174,0
DA:175,0
DA:177,0
DA:184,0
DA:185,0
DA:186,0
DA:188,0
DA:189,0
DA:195,0
DA:202,0
DA:203,0
DA:206,0
DA:207,0
DA:210,0
DA:211,0
DA:216,0
DA:219,0
DA:221,0
DA:222,0
DA:223,0
DA:231,0
DA:232,0
DA:233,0
DA:235,0
DA:236,0
DA:243,0
DA:258,0
DA:259,0
DA:264,0
DA:269,0
DA:270,0
LF:104
LH:0
BRDA:12,0,0,0
BRDA:12,0,1,0
BRDA:30,1,0,0
BRDA:30,1,1,0
BRDA:47,2,0,0
BRDA:47,2,1,0
BRDA:48,3,0,0
BRDA:48,3,1,0
BRDA:49,4,0,0
BRDA:49,4,1,0
BRDA:50,5,0,0
BRDA:50,5,1,0
BRDA:51,6,0,0
BRDA:51,6,1,0
BRDA:78,7,0,0
BRDA:78,7,1,0
BRDA:85,8,0,0
BRDA:85,8,1,0
BRDA:97,9,0,0
BRDA:97,9,1,0
BRDA:104,10,0,0
BRDA:104,10,1,0
BRDA:109,11,0,0
BRDA:109,11,1,0
BRDA:111,12,0,0
BRDA:111,12,1,0
BRDA:117,13,0,0
BRDA:117,13,1,0
BRDA:139,14,0,0
BRDA:139,14,1,0
BRDA:153,15,0,0
BRDA:153,15,1,0
BRDA:164,16,0,0
BRDA:164,16,1,0
BRDA:174,17,0,0
BRDA:174,17,1,0
BRDA:188,18,0,0
BRDA:188,18,1,0
BRDA:188,19,0,0
BRDA:188,19,1,0
BRDA:188,19,2,0
BRDA:202,20,0,0
BRDA:202,20,1,0
BRDA:207,21,0,0
BRDA:207,21,1,0
BRDA:207,21,2,0
BRDA:210,22,0,0
BRDA:210,22,1,0
BRDA:231,23,0,0
BRDA:231,23,1,0
BRDA:232,24,0,0
BRDA:232,24,1,0
BRDA:239,25,0,0
BRDA:239,25,1,0
BRF:54
BRH:0
end_of_record
TN:
SF:controllers/pdfController.js
FN:7,(anonymous_0)
FN:59,(anonymous_1)
FN:66,(anonymous_2)
FN:67,(anonymous_3)
FN:114,(anonymous_4)
FN:166,(anonymous_5)
FN:173,(anonymous_6)
FN:174,(anonymous_7)
FN:269,(anonymous_8)
FN:336,(anonymous_9)
FN:415,(anonymous_10)
FN:481,(anonymous_11)
FN:560,(anonymous_12)
FN:595,(anonymous_13)
FN:661,(anonymous_14)
FN:662,(anonymous_15)
FN:705,(anonymous_16)
FN:757,(anonymous_17)
FN:809,(anonymous_18)
FN:855,(anonymous_19)
FN:895,(anonymous_20)
FNF:21
FNH:0
FNDA:0,(anonymous_0)
FNDA:0,(anonymous_1)
FNDA:0,(anonymous_2)
FNDA:0,(anonymous_3)
FNDA:0,(anonymous_4)
FNDA:0,(anonymous_5)
FNDA:0,(anonymous_6)
FNDA:0,(anonymous_7)
FNDA:0,(anonymous_8)
FNDA:0,(anonymous_9)
FNDA:0,(anonymous_10)
FNDA:0,(anonymous_11)
FNDA:0,(anonymous_12)
FNDA:0,(anonymous_13)
FNDA:0,(anonymous_14)
FNDA:0,(anonymous_15)
FNDA:0,(anonymous_16)
FNDA:0,(anonymous_17)
FNDA:0,(anonymous_18)
FNDA:0,(anonymous_19)
FNDA:0,(anonymous_20)
DA:1,0
DA:2,0
DA:3,0
DA:4,0
DA:7,0
DA:8,0
DA:9,0
DA:10,0
DA:15,0
DA:16,0
DA:17,0
DA:19,0
DA:20,0
DA:24,0
DA:25,0
DA:40,0
DA:51,0
DA:54,0
DA:55,0
DA:59,0
DA:60,0
DA:66,0
DA:67,0
DA:90,0
DA:91,0
DA:92,0
DA:93,0
DA:95,0
DA:98,0
DA:102,0
DA:114,0
DA:115,0
DA:116,0
DA:117,0
DA:122,0
DA:123,0
DA:124,0
DA:126,0
DA:127,0
DA:131,0
DA:132,0
DA:147,0
DA:158,0
DA:161,0
DA:162,0
DA:166,0
DA:167,0
DA:173,0
DA:174,0
DA:197,0
DA:198,0
DA:199,0
DA:200,0
DA:202,0
DA:205,0
DA:209,0
DA:269,0
DA:270,0
DA:271,0
DA:274,0
DA:275,0
DA:281,0
DA:284,0
DA:285,0
DA:288,0
DA:290,0
DA:291,0
DA:292,0
DA:295,0
DA:297,0
DA:300,0
DA:301,0
DA:336,0
DA:337,0
DA:338,0
DA:339,0
DA:341,0
DA:342,0
DA:348,0
DA:351,0
DA:352,0
DA:354,0
DA:355,0
DA:362,0
DA:363,0
DA:364,0
DA:366,0
DA:367,0
DA:374,0
DA:376,0
DA:377,0
DA:378,0
DA:380,0
DA:382,0
DA:385,0
DA:386,0
DA:415,0
DA:416,0
DA:417,0
DA:419,0
DA:422,0
DA:423,0
DA:424,0
DA:426,0
DA:427,0
DA:434,0
DA:436,0
DA:437,0
DA:438,0
DA:440,0
DA:442,0
DA:445,0
DA:446,0
DA:481,0
DA:482,0
DA:483,0
DA:484,0
DA:486,0
DA:487,0
DA:493,0
DA:496,0
DA:497,0
DA:499,0
DA:500,0
DA:507,0
DA:508,0
DA:509,0
DA:511,0
DA:512,0
DA:519,0
DA:521,0
DA:522,0
DA:523,0
DA:525,0
DA:527,0
DA:530,0
DA:531,0
DA:560,0
DA:561,0
DA:562,0
DA:564,0
DA:567,0
DA:571,0
DA:572,0
DA:579,0
DA:580,0
DA:583,0
DA:584,0
DA:587,0
DA:588,0
DA:594,0
DA:595,0
DA:597,0
DA:600,0
DA:604,0
DA:611,0
DA:612,0
DA:614,0
DA:616,0
DA:619,0
DA:620,0
DA:622,0
DA:626,0
DA:634,0
DA:637,0
DA:644,0
DA:645,0
DA:648,0
DA:650,0
DA:653,0
DA:658,0
DA:661,0
DA:662,0
DA:663,0
DA:668,0
DA:670,0
DA:671,0
DA:672,0
DA:674,0
DA:676,0
DA:679,0
DA:680,0
DA:705,0
DA:706,0
DA:707,0
DA:708,0
DA:711,0
DA:712,0
DA:715,0
DA:716,0
DA:717,0
DA:720,0
DA:722,0
DA:723,0
DA:724,0
DA:726,0
DA:728,0
DA:731,0
DA:732,0
DA:757,0
DA:758,0
DA:759,0
DA:760,0
DA:763,0
DA:764,0
DA:767,0
DA:768,0
DA:769,0
DA:772,0
DA:774,0
DA:775,0
DA:776,0
DA:778,0
DA:780,0
DA:783,0
DA:784,0
DA:809,0
DA:810,0
DA:811,0
DA:812,0
DA:815,0
DA:816,0
DA:819,0
DA:820,0
DA:821,0
DA:824,0
DA:826,0
DA:827,0
DA:828,0
DA:830,0
DA:832,0
DA:835,0
DA:836,0
DA:855,0
DA:856,0
DA:857,0
DA:860,0
DA:861,0
DA:864,0
DA:866,0
DA:867,0
DA:868,0
DA:870,0
DA:872,0
DA:875,0
DA:876,0
DA:895,0
DA:896,0
DA:897,0
DA:900,0
DA:901,0
DA:904,0
DA:906,0
DA:907,0
DA:908,0
DA:910,0
DA:912,0
DA:915,0
DA:916,0
DA:924,0
LF:260
LH:0
BRDA:9,0,0,0
BRDA:9,0,1,0
BRDA:15,1,0,0
BRDA:15,1,1,0
BRDA:24,2,0,0
BRDA:24,2,1,0
BRDA:63,3,0,0
BRDA:63,3,1,0
BRDA:63,3,2,0
BRDA:64,4,0,0
BRDA:64,4,1,0
BRDA:64,4,2,0
BRDA:66,5,0,0
BRDA:66,5,1,0
BRDA:66,5,2,0
BRDA:67,6,0,0
BRDA:67,6,1,0
BRDA:67,6,2,0
BRDA:69,7,0,0
BRDA:69,7,1,0
BRDA:69,7,2,0
BRDA:72,8,0,0
BRDA:72,8,1,0
BRDA:81,9,0,0
BRDA:81,9,1,0
BRDA:82,10,0,0
BRDA:82,10,1,0
BRDA:83,11,0,0
BRDA:83,11,1,0
BRDA:90,12,0,0
BRDA:90,12,1,0
BRDA:92,13,0,0
BRDA:92,13,1,0
BRDA:116,14,0,0
BRDA:116,14,1,0
BRDA:122,15,0,0
BRDA:122,15,1,0
BRDA:131,16,0,0
BRDA:131,16,1,0
BRDA:170,17,0,0
BRDA:170,17,1,0
BRDA:170,17,2,0
BRDA:171,18,0,0
BRDA:171,18,1,0
BRDA:171,18,2,0
BRDA:173,19,0,0
BRDA:173,19,1,0
BRDA:173,19,2,0
BRDA:174,20,0,0
BRDA:174,20,1,0
BRDA:174,20,2,0
BRDA:176,21,0,0
BRDA:176,21,1,0
BRDA:176,21,2,0
BRDA:179,22,0,0
BRDA:179,22,1,0
BRDA:188,23,0,0
BRDA:188,23,1,0
BRDA:189,24,0,0
BRDA:189,24,1,0
BRDA:190,25,0,0
BRDA:190,25,1,0
BRDA:197,26,0,0
BRDA:197,26,1,0
BRDA:199,27,0,0
BRDA:199,27,1,0
BRDA:274,28,0,0
BRDA:274,28,1,0
BRDA:274,29,0,0
BRDA:274,29,1,0
BRDA:274,29,2,0
BRDA:304,30,0,0
BRDA:304,30,1,0
BRDA:341,31,0,0
BRDA:341,31,1,0
BRDA:354,32,0,0
BRDA:354,32,1,0
BRDA:366,33,0,0
BRDA:366,33,1,0
BRDA:389,34,0,0
BRDA:389,34,1,0
BRDA:426,35,0,0
BRDA:426,35,1,0
BRDA:449,36,0,0
BRDA:449,36,1,0
BRDA:486,37,0,0
BRDA:486,37,1,0
BRDA:499,38,0,0
BRDA:499,38,1,0
BRDA:511,39,0,0
BRDA:511,39,1,0
BRDA:534,40,0,0
BRDA:534,40,1,0
BRDA:567,41,0,0
BRDA:567,41,1,0
BRDA:571,42,0,0
BRDA:571,42,1,0
BRDA:619,43,0,0
BRDA:619,43,1,0
BRDA:634,44,0,0
BRDA:634,44,1,0
BRDA:683,45,0,0
BRDA:683,45,1,0
BRDA:717,46,0,0
BRDA:717,46,1,0
BRDA:717,47,0,0
BRDA:717,47,1,0
BRDA:735,48,0,0
BRDA:735,48,1,0
BRDA:769,49,0,0
BRDA:769,49,1,0
BRDA:787,50,0,0
BRDA:787,50,1,0
BRDA:821,51,0,0
BRDA:821,51,1,0
BRDA:839,52,0,0
BRDA:839,52,1,0
BRDA:879,53,0,0
BRDA:879,53,1,0
BRDA:919,54,0,0
BRDA:919,54,1,0
BRF:121
BRH:0
end_of_record
TN:
SF:controllers/programController.js
FN:7,(anonymous_0)
FN:29,(anonymous_1)
FN:42,(anonymous_2)
FN:63,(anonymous_3)
FN:95,(anonymous_4)
FNF:5
FNH:0
FNDA:0,(anonymous_0)
FNDA:0,(anonymous_1)
FNDA:0,(anonymous_2)
FNDA:0,(anonymous_3)
FNDA:0,(anonymous_4)
DA:1,0
DA:2,0
DA:7,0
DA:8,0
DA:9,0
DA:10,0
DA:13,0
DA:14,0
DA:15,0
DA:16,0
DA:18,0
DA:19,0
DA:20,0
DA:22,0
DA:29,0
DA:30,0
DA:31,0
DA:32,0
DA:34,0
DA:35,0
DA:42,0
DA:43,0
DA:44,0
DA:46,0
DA:47,0
DA:50,0
DA:52,0
DA:53,0
DA:54,0
DA:56,0
DA:63,0
DA:64,0
DA:65,0
DA:66,0
DA:69,0
DA:70,0
DA:72,0
DA:73,0
DA:76,0
DA:82,0
DA:84,0
DA:85,0
DA:86,0
DA:88,0
DA:95,0
DA:96,0
DA:97,0
DA:99,0
DA:100,0
DA:103,0
DA:105,0
DA:107,0
DA:108,0
DA:109,0
DA:111,0
LF:55
LH:0
BRDA:9,0,0,0
BRDA:9,0,1,0
BRDA:19,1,0,0
BRDA:19,1,1,0
BRDA:46,2,0,0
BRDA:46,2,1,0
BRDA:53,3,0,0
BRDA:53,3,1,0
BRDA:65,4,0,0
BRDA:65,4,1,0
BRDA:72,5,0,0
BRDA:72,5,1,0
BRDA:85,6,0,0
BRDA:85,6,1,0
BRDA:99,7,0,0
BRDA:99,7,1,0
BRDA:108,8,0,0
BRDA:108,8,1,0
BRF:18
BRH:0
end_of_record
TN:
SF:controllers/programSemesterController.js
FN:9,(anonymous_0)
FN:29,(anonymous_1)
FN:59,(anonymous_2)
FN:84,(anonymous_3)
FN:166,(anonymous_4)
FN:196,(anonymous_5)
FN:235,(anonymous_6)
FN:254,(anonymous_7)
FNF:8
FNH:0
FNDA:0,(anonymous_0)
FNDA:0,(anonymous_1)
FNDA:0,(anonymous_2)
FNDA:0,(anonymous_3)
FNDA:0,(anonymous_4)
FNDA:0,(anonymous_5)
FNDA:0,(anonymous_6)
FNDA:0,(anonymous_7)
DA:1,0
DA:2,0
DA:3,0
DA:4,0
DA:9,0
DA:10,0
DA:11,0
DA:14,0
DA:20,0
DA:21,0
DA:29,0
DA:40,0
DA:48,0
DA:49,0
DA:59,0
DA:60,0
DA:61,0
DA:63,0
DA:68,0
DA:73,0
DA:74,0
DA:84,0
DA:85,0
DA:86,0
DA:87,0
DA:93,0
DA:94,0
DA:97,0
DA:98,0
DA:99,0
DA:106,0
DA:107,0
DA:108,0
DA:109,0
DA:110,0
DA:116,0
DA:128,0
DA:134,0
DA:136,0
DA:137,0
DA:138,0
DA:141,0
DA:147,0
DA:150,0
DA:155,0
DA:156,0
DA:166,0
DA:167,0
DA:168,0
DA:169,0
DA:172,0
DA:173,0
DA:174,0
DA:181,0
DA:187,0
DA:188,0
DA:195,0
DA:196,0
DA:199,0
DA:200,0
DA:207,0
DA:217,0
DA:219,0
DA:224,0
DA:225,0
DA:235,0
DA:236,0
DA:237,0
DA:239,0
DA:245,0
DA:246,0
DA:253,0
DA:254,0
DA:257,0
DA:259,0
DA:264,0
DA:265,0
LF:77
LH:0
BRDA:20,0,0,0
BRDA:20,0,1,0
BRDA:86,1,0,0
BRDA:86,1,1,0
BRDA:98,2,0,0
BRDA:98,2,1,0
BRDA:109,3,0,0
BRDA:109,3,1,0
BRDA:120,4,0,0
BRDA:120,4,1,0
BRDA:121,5,0,0
BRDA:121,5,1,0
BRDA:122,6,0,0
BRDA:122,6,1,0
BRDA:123,7,0,0
BRDA:123,7,1,0
BRDA:134,8,0,0
BRDA:134,8,1,0
BRDA:137,9,0,0
BRDA:137,9,1,0
BRDA:145,10,0,0
BRDA:145,10,1,0
BRDA:173,11,0,0
BRDA:173,11,1,0
BRDA:187,12,0,0
BRDA:187,12,1,0
BRDA:199,13,0,0
BRDA:199,13,1,0
BRDA:211,14,0,0
BRDA:211,14,1,0
BRDA:212,15,0,0
BRDA:212,15,1,0
BRDA:213,16,0,0
BRDA:213,16,1,0
BRDA:214,17,0,0
BRDA:214,17,1,0
BRDA:245,18,0,0
BRDA:245,18,1,0
BRF:38
BRH:0
end_of_record
TN:
SF:controllers/roomController.js
FN:9,(anonymous_0)
FN:23,(anonymous_1)
FN:40,(anonymous_2)
FN:70,(anonymous_3)
FN:116,(anonymous_4)
FN:177,(anonymous_5)
FN:218,(anonymous_6)
FN:256,(anonymous_7)
FNF:8
FNH:0
FNDA:0,(anonymous_0)
FNDA:0,(anonymous_1)
FNDA:0,(anonymous_2)
FNDA:0,(anonymous_3)
FNDA:0,(anonymous_4)
FNDA:0,(anonymous_5)
FNDA:0,(anonymous_6)
FNDA:0,(anonymous_7)
DA:1,0
DA:2,0
DA:4,0
DA:5,0
DA:6,0
DA:9,0
DA:10,0
DA:12,0
DA:14,0
DA:16,0
DA:23,0
DA:24,0
DA:25,0
DA:26,0
DA:32,0
DA:33,0
DA:40,0
DA:41,0
DA:42,0
DA:44,0
DA:45,0
DA:51,0
DA:56,0
DA:57,0
DA:58,0
DA:63,0
DA:70,0
DA:71,0
DA:72,0
DA:73,0
DA:79,0
DA:80,0
DA:83,0
DA:84,0
DA:85,0
DA:92,0
DA:100,0
DA:102,0
DA:108,0
DA:109,0
DA:116,0
DA:117,0
DA:118,0
DA:119,0
DA:125,0
DA:126,0
DA:129,0
DA:130,0
DA:131,0
DA:138,0
DA:139,0
DA:140,0
DA:141,0
DA:149,0
DA:150,0
DA:151,0
DA:152,0
DA:153,0
DA:155,0
DA:157,0
DA:163,0
DA:164,0
DA:165,0
DA:170,0
DA:177,0
DA:178,0
DA:180,0
DA:181,0
DA:182,0
DA:189,0
DA:190,0
DA:191,0
DA:197,0
DA:199,0
DA:204,0
DA:205,0
DA:206,0
DA:211,0
DA:218,0
DA:219,0
DA:220,0
DA:221,0
DA:224,0
DA:225,0
DA:226,0
DA:233,0
DA:234,0
DA:237,0
DA:238,0
DA:241,0
DA:242,0
DA:245,0
DA:246,0
DA:256,0
DA:257,0
DA:258,0
DA:261,0
DA:263,0
DA:264,0
DA:271,0
DA:272,0
DA:275,0
DA:276,0
DA:279,0
DA:280,0
DA:283,0
DA:284,0
LF:107
LH:0
BRDA:10,0,0,0
BRDA:10,0,1,0
BRDA:10,0,2,0
BRDA:44,1,0,0
BRDA:44,1,1,0
BRDA:57,2,0,0
BRDA:57,2,1,0
BRDA:72,3,0,0
BRDA:72,3,1,0
BRDA:84,4,0,0
BRDA:84,4,1,0
BRDA:118,5,0,0
BRDA:118,5,1,0
BRDA:130,6,0,0
BRDA:130,6,1,0
BRDA:138,7,0,0
BRDA:138,7,1,0
BRDA:138,8,0,0
BRDA:138,8,1,0
BRDA:140,9,0,0
BRDA:140,9,1,0
BRDA:140,10,0,0
BRDA:140,10,1,0
BRDA:149,11,0,0
BRDA:149,11,1,0
BRDA:150,12,0,0
BRDA:150,12,1,0
BRDA:151,13,0,0
BRDA:151,13,1,0
BRDA:152,14,0,0
BRDA:152,14,1,0
BRDA:153,15,0,0
BRDA:153,15,1,0
BRDA:164,16,0,0
BRDA:164,16,1,0
BRDA:181,17,0,0
BRDA:181,17,1,0
BRDA:190,18,0,0
BRDA:190,18,1,0
BRDA:205,19,0,0
BRDA:205,19,1,0
BRDA:225,20,0,0
BRDA:225,20,1,0
BRDA:263,21,0,0
BRDA:263,21,1,0
BRF:45
BRH:0
end_of_record
TN:
SF:controllers/routineAllController.js
FN:4,(anonymous_0)
FNF:1
FNH:0
FNDA:0,(anonymous_0)
DA:4,0
DA:5,0
DA:17,0
DA:20,0
DA:21,0
DA:22,0
DA:23,0
DA:24,0
DA:25,0
DA:26,0
DA:29,0
DA:30,0
DA:33,0
DA:34,0
DA:37,0
DA:40,0
DA:50,0
DA:60,0
DA:61,0
LF:19
LH:0
BRDA:13,0,0,0
BRDA:14,1,0,0
BRDA:15,2,0,0
BRDA:16,3,0,0
BRDA:21,4,0,0
BRDA:21,4,1,0
BRDA:22,5,0,0
BRDA:22,5,1,0
BRDA:23,6,0,0
BRDA:23,6,1,0
BRDA:24,7,0,0
BRDA:24,7,1,0
BRDA:25,8,0,0
BRDA:25,8,1,0
BRDA:26,9,0,0
BRDA:26,9,1,0
BRDA:30,10,0,0
BRDA:30,10,1,0
BRF:18
BRH:0
end_of_record
TN:
SF:controllers/routineController.js
FN:23,(anonymous_0)
FN:37,(anonymous_1)
FN:173,(anonymous_2)
FN:179,(anonymous_3)
FN:184,(anonymous_4)
FN:254,(anonymous_5)
FN:297,(anonymous_6)
FN:328,(anonymous_7)
FN:331,(anonymous_8)
FN:342,(anonymous_9)
FN:354,(anonymous_10)
FN:355,(anonymous_11)
FN:362,(anonymous_12)
FN:363,(anonymous_13)
FN:363,(anonymous_14)
FN:367,(anonymous_15)
FN:429,(anonymous_16)
FN:452,(anonymous_17)
FN:551,(anonymous_18)
FN:725,(anonymous_19)
FN:726,(anonymous_20)
FN:790,(anonymous_21)
FN:842,(anonymous_22)
FN:861,(anonymous_23)
FN:975,(anonymous_24)
FN:980,(anonymous_25)
FN:1091,(anonymous_26)
FN:1092,(anonymous_27)
FN:1134,(anonymous_28)
FN:1135,(anonymous_29)
FN:1154,(anonymous_30)
FN:1310,(anonymous_31)
FN:1353,(anonymous_32)
FN:1354,(anonymous_33)
FN:1395,(anonymous_34)
FN:1396,(anonymous_35)
FN:1420,(anonymous_36)
FN:1439,(anonymous_37)
FN:1477,(anonymous_38)
FN:1497,(anonymous_39)
FN:1530,(anonymous_40)
FN:1551,(anonymous_41)
FN:1580,(anonymous_42)
FN:1599,(anonymous_43)
FN:1607,(anonymous_44)
FN:1636,(anonymous_45)
FN:1672,(anonymous_46)
FN:1686,(anonymous_47)
FN:1703,(anonymous_48)
FN:1728,(anonymous_49)
FN:1755,(anonymous_50)
FN:1777,(anonymous_51)
FN:1790,(anonymous_52)
FN:1790,(anonymous_53)
FN:1818,(anonymous_54)
FN:1834,(anonymous_55)
FN:1890,(anonymous_56)
FN:1945,(anonymous_57)
FN:1976,(anonymous_58)
FN:2016,(anonymous_59)
FN:2039,(anonymous_60)
FN:2059,(anonymous_61)
FN:2082,(anonymous_62)
FN:2102,(anonymous_63)
FN:2117,(anonymous_64)
FN:2147,(anonymous_65)
FN:2198,(anonymous_66)
FN:2234,(anonymous_67)
FN:2247,(anonymous_68)
FN:2247,(anonymous_69)
FN:2293,(anonymous_70)
FN:2312,(anonymous_71)
FN:2343,(anonymous_72)
FN:2411,(anonymous_73)
FN:2451,(anonymous_74)
FN:2597,(anonymous_75)
FN:2609,(anonymous_76)
FN:2612,(anonymous_77)
FN:2637,(anonymous_78)
FN:2657,(anonymous_79)
FN:2758,(anonymous_80)
FN:2763,(anonymous_81)
FN:2884,(anonymous_82)
FN:2892,(anonymous_83)
FN:2893,(anonymous_84)
FN:2934,(anonymous_85)
FN:2935,(anonymous_86)
FN:2951,(anonymous_87)
FN:2979,(anonymous_88)
FN:2981,(anonymous_89)
FN:3019,(anonymous_90)
FN:3039,(anonymous_91)
FN:3084,(anonymous_92)
FN:3085,(anonymous_93)
FN:3091,(anonymous_94)
FN:3139,(anonymous_95)
FN:3178,(anonymous_96)
FN:3219,(anonymous_97)
FN:3249,formatUnifiedRoutineForDisplay
FN:3254,(anonymous_99)
FN:3259,(anonymous_100)
FN:3266,(anonymous_101)
FN:3294,(anonymous_102)
FN:3295,(anonymous_103)
FN:3302,generateElectiveRecommendations
FN:3305,(anonymous_105)
FN:3309,(anonymous_106)
FN:3313,(anonymous_107)
FN:3317,(anonymous_108)
FN:3329,(anonymous_109)
FN:3341,(anonymous_110)
FN:3358,(anonymous_111)
FN:3419,(anonymous_112)
FN:3425,(anonymous_113)
FN:3426,(anonymous_114)
FN:3427,(anonymous_115)
FN:3479,(anonymous_116)
FN:3480,(anonymous_117)
FN:3481,(anonymous_118)
FN:3482,(anonymous_119)
FN:3483,(anonymous_120)
FN:3484,(anonymous_121)
FN:3485,(anonymous_122)
FN:3485,(anonymous_123)
FN:3530,(anonymous_124)
FN:3578,(anonymous_125)
FN:3585,(anonymous_126)
FN:3586,(anonymous_127)
FN:3594,(anonymous_128)
FN:3667,(anonymous_129)
FN:3718,(anonymous_130)
FN:3730,(anonymous_131)
FN:3735,(anonymous_132)
FN:3747,(anonymous_133)
FN:3787,(anonymous_134)
FN:3788,(anonymous_135)
FN:3818,(anonymous_136)
FN:3839,(anonymous_137)
FN:3876,(anonymous_138)
FN:3878,(anonymous_139)
FN:3890,(anonymous_140)
FN:3899,(anonymous_141)
FN:3903,(anonymous_142)
FN:3934,(anonymous_143)
FN:3937,(anonymous_144)
FN:3940,(anonymous_145)
FN:3943,(anonymous_146)
FN:3946,(anonymous_147)
FN:3960,(anonymous_148)
FN:3961,(anonymous_149)
FN:3987,(anonymous_150)
FN:3993,(anonymous_151)
FN:4017,getPeakUtilizationDay
FN:4022,(anonymous_153)
FN:4034,getQuietUtilizationDay
FN:4039,(anonymous_155)
FN:4053,(anonymous_156)
FN:4102,(anonymous_157)
FN:4103,(anonymous_158)
FN:4119,(anonymous_159)
FN:4181,(anonymous_160)
FN:4235,(anonymous_161)
FN:4271,(anonymous_162)
FN:4325,(anonymous_163)
FNF:164
FNH:0
FNDA:0,(anonymous_0)
FNDA:0,(anonymous_1)
FNDA:0,(anonymous_2)
FNDA:0,(anonymous_3)
FNDA:0,(anonymous_4)
FNDA:0,(anonymous_5)
FNDA:0,(anonymous_6)
FNDA:0,(anonymous_7)
FNDA:0,(anonymous_8)
FNDA:0,(anonymous_9)
FNDA:0,(anonymous_10)
FNDA:0,(anonymous_11)
FNDA:0,(anonymous_12)
FNDA:0,(anonymous_13)
FNDA:0,(anonymous_14)
FNDA:0,(anonymous_15)
FNDA:0,(anonymous_16)
FNDA:0,(anonymous_17)
FNDA:0,(anonymous_18)
FNDA:0,(anonymous_19)
FNDA:0,(anonymous_20)
FNDA:0,(anonymous_21)
FNDA:0,(anonymous_22)
FNDA:0,(anonymous_23)
FNDA:0,(anonymous_24)
FNDA:0,(anonymous_25)
FNDA:0,(anonymous_26)
FNDA:0,(anonymous_27)
FNDA:0,(anonymous_28)
FNDA:0,(anonymous_29)
FNDA:0,(anonymous_30)
FNDA:0,(anonymous_31)
FNDA:0,(anonymous_32)
FNDA:0,(anonymous_33)
FNDA:0,(anonymous_34)
FNDA:0,(anonymous_35)
FNDA:0,(anonymous_36)
FNDA:0,(anonymous_37)
FNDA:0,(anonymous_38)
FNDA:0,(anonymous_39)
FNDA:0,(anonymous_40)
FNDA:0,(anonymous_41)
FNDA:0,(anonymous_42)
FNDA:0,(anonymous_43)
FNDA:0,(anonymous_44)
FNDA:0,(anonymous_45)
FNDA:0,(anonymous_46)
FNDA:0,(anonymous_47)
FNDA:0,(anonymous_48)
FNDA:0,(anonymous_49)
FNDA:0,(anonymous_50)
FNDA:0,(anonymous_51)
FNDA:0,(anonymous_52)
FNDA:0,(anonymous_53)
FNDA:0,(anonymous_54)
FNDA:0,(anonymous_55)
FNDA:0,(anonymous_56)
FNDA:0,(anonymous_57)
FNDA:0,(anonymous_58)
FNDA:0,(anonymous_59)
FNDA:0,(anonymous_60)
FNDA:0,(anonymous_61)
FNDA:0,(anonymous_62)
FNDA:0,(anonymous_63)
FNDA:0,(anonymous_64)
FNDA:0,(anonymous_65)
FNDA:0,(anonymous_66)
FNDA:0,(anonymous_67)
FNDA:0,(anonymous_68)
FNDA:0,(anonymous_69)
FNDA:0,(anonymous_70)
FNDA:0,(anonymous_71)
FNDA:0,(anonymous_72)
FNDA:0,(anonymous_73)
FNDA:0,(anonymous_74)
FNDA:0,(anonymous_75)
FNDA:0,(anonymous_76)
FNDA:0,(anonymous_77)
FNDA:0,(anonymous_78)
FNDA:0,(anonymous_79)
FNDA:0,(anonymous_80)
FNDA:0,(anonymous_81)
FNDA:0,(anonymous_82)
FNDA:0,(anonymous_83)
FNDA:0,(anonymous_84)
FNDA:0,(anonymous_85)
FNDA:0,(anonymous_86)
FNDA:0,(anonymous_87)
FNDA:0,(anonymous_88)
FNDA:0,(anonymous_89)
FNDA:0,(anonymous_90)
FNDA:0,(anonymous_91)
FNDA:0,(anonymous_92)
FNDA:0,(anonymous_93)
FNDA:0,(anonymous_94)
FNDA:0,(anonymous_95)
FNDA:0,(anonymous_96)
FNDA:0,(anonymous_97)
FNDA:0,formatUnifiedRoutineForDisplay
FNDA:0,(anonymous_99)
FNDA:0,(anonymous_100)
FNDA:0,(anonymous_101)
FNDA:0,(anonymous_102)
FNDA:0,(anonymous_103)
FNDA:0,generateElectiveRecommendations
FNDA:0,(anonymous_105)
FNDA:0,(anonymous_106)
FNDA:0,(anonymous_107)
FNDA:0,(anonymous_108)
FNDA:0,(anonymous_109)
FNDA:0,(anonymous_110)
FNDA:0,(anonymous_111)
FNDA:0,(anonymous_112)
FNDA:0,(anonymous_113)
FNDA:0,(anonymous_114)
FNDA:0,(anonymous_115)
FNDA:0,(anonymous_116)
FNDA:0,(anonymous_117)
FNDA:0,(anonymous_118)
FNDA:0,(anonymous_119)
FNDA:0,(anonymous_120)
FNDA:0,(anonymous_121)
FNDA:0,(anonymous_122)
FNDA:0,(anonymous_123)
FNDA:0,(anonymous_124)
FNDA:0,(anonymous_125)
FNDA:0,(anonymous_126)
FNDA:0,(anonymous_127)
FNDA:0,(anonymous_128)
FNDA:0,(anonymous_129)
FNDA:0,(anonymous_130)
FNDA:0,(anonymous_131)
FNDA:0,(anonymous_132)
FNDA:0,(anonymous_133)
FNDA:0,(anonymous_134)
FNDA:0,(anonymous_135)
FNDA:0,(anonymous_136)
FNDA:0,(anonymous_137)
FNDA:0,(anonymous_138)
FNDA:0,(anonymous_139)
FNDA:0,(anonymous_140)
FNDA:0,(anonymous_141)
FNDA:0,(anonymous_142)
FNDA:0,(anonymous_143)
FNDA:0,(anonymous_144)
FNDA:0,(anonymous_145)
FNDA:0,(anonymous_146)
FNDA:0,(anonymous_147)
FNDA:0,(anonymous_148)
FNDA:0,(anonymous_149)
FNDA:0,(anonymous_150)
FNDA:0,(anonymous_151)
FNDA:0,getPeakUtilizationDay
FNDA:0,(anonymous_153)
FNDA:0,getQuietUtilizationDay
FNDA:0,(anonymous_155)
FNDA:0,(anonymous_156)
FNDA:0,(anonymous_157)
FNDA:0,(anonymous_158)
FNDA:0,(anonymous_159)
FNDA:0,(anonymous_160)
FNDA:0,(anonymous_161)
FNDA:0,(anonymous_162)
FNDA:0,(anonymous_163)
DA:1,0
DA:2,0
DA:3,0
DA:4,0
DA:5,0
DA:6,0
DA:7,0
DA:8,0
DA:9,0
DA:10,0
DA:11,0
DA:12,0
DA:13,0
DA:14,0
DA:16,0
DA:17,0
DA:21,0
DA:23,0
DA:25,0
DA:28,0
DA:37,0
DA:38,0
DA:39,0
DA:41,0
DA:59,0
DA:60,0
DA:63,0
DA:64,0
DA:67,0
DA:68,0
DA:71,0
DA:72,0
DA:75,0
DA:76,0
DA:79,0
DA:80,0
DA:84,0
DA:86,0
DA:87,0
DA:89,0
DA:94,0
DA:99,0
DA:100,0
DA:103,0
DA:104,0
DA:107,0
DA:108,0
DA:111,0
DA:112,0
DA:116,0
DA:117,0
DA:125,0
DA:126,0
DA:129,0
DA:130,0
DA:133,0
DA:134,0
DA:137,0
DA:138,0
DA:141,0
DA:142,0
DA:147,0
DA:148,0
DA:151,0
DA:152,0
DA:158,0
DA:159,0
DA:160,0
DA:165,0
DA:166,0
DA:169,0
DA:173,0
DA:175,0
DA:179,0
DA:180,0
DA:184,0
DA:185,0
DA:186,0
DA:188,0
DA:190,0
DA:191,0
DA:199,0
DA:201,0
DA:202,0
DA:204,0
DA:206,0
DA:223,0
DA:229,0
DA:237,0
DA:239,0
DA:240,0
DA:242,0
DA:244,0
DA:254,0
DA:261,0
DA:266,0
DA:275,0
DA:276,0
DA:287,0
DA:288,0
DA:291,0
DA:297,0
DA:298,0
DA:299,0
DA:301,0
DA:304,0
DA:305,0
DA:306,0
DA:313,0
DA:325,0
DA:328,0
DA:329,0
DA:330,0
DA:331,0
DA:332,0
DA:337,0
DA:338,0
DA:339,0
DA:342,0
DA:343,0
DA:344,0
DA:347,0
DA:354,0
DA:355,0
DA:362,0
DA:363,0
DA:367,0
DA:406,0
DA:408,0
DA:410,0
DA:411,0
DA:412,0
DA:414,0
DA:416,0
DA:417,0
DA:420,0
DA:421,0
DA:425,0
DA:429,0
DA:431,0
DA:441,0
DA:442,0
DA:452,0
DA:453,0
DA:454,0
DA:455,0
DA:463,0
DA:465,0
DA:466,0
DA:467,0
DA:470,0
DA:471,0
DA:474,0
DA:475,0
DA:481,0
DA:482,0
DA:488,0
DA:489,0
DA:495,0
DA:496,0
DA:516,0
DA:517,0
DA:519,0
DA:520,0
DA:521,0
DA:522,0
DA:527,0
DA:543,0
DA:545,0
DA:546,0
DA:547,0
DA:548,0
DA:551,0
DA:552,0
DA:555,0
DA:556,0
DA:559,0
DA:568,0
DA:569,0
DA:571,0
DA:572,0
DA:579,0
DA:580,0
DA:581,0
DA:582,0
DA:585,0
DA:586,0
DA:594,0
DA:595,0
DA:596,0
DA:603,0
DA:613,0
DA:615,0
DA:625,0
DA:628,0
DA:631,0
DA:633,0
DA:634,0
DA:647,0
DA:649,0
DA:653,0
DA:654,0
DA:655,0
DA:658,0
DA:668,0
DA:669,0
DA:670,0
DA:676,0
DA:677,0
DA:684,0
DA:707,0
DA:708,0
DA:709,0
DA:710,0
DA:713,0
DA:714,0
DA:717,0
DA:718,0
DA:722,0
DA:725,0
DA:726,0
DA:728,0
DA:729,0
DA:732,0
DA:733,0
DA:734,0
DA:735,0
DA:736,0
DA:740,0
DA:753,0
DA:754,0
DA:756,0
DA:757,0
DA:764,0
DA:765,0
DA:768,0
DA:769,0
DA:770,0
DA:778,0
DA:779,0
DA:786,0
DA:787,0
DA:788,0
DA:789,0
DA:790,0
DA:792,0
DA:794,0
DA:795,0
DA:796,0
DA:805,0
DA:807,0
DA:812,0
DA:817,0
DA:830,0
DA:833,0
DA:834,0
DA:841,0
DA:842,0
DA:843,0
DA:850,0
DA:861,0
DA:862,0
DA:864,0
DA:865,0
DA:866,0
DA:867,0
DA:874,0
DA:877,0
DA:878,0
DA:879,0
DA:880,0
DA:881,0
DA:882,0
DA:885,0
DA:889,0
DA:913,0
DA:916,0
DA:918,0
DA:935,0
DA:936,0
DA:938,0
DA:939,0
DA:942,0
DA:943,0
DA:944,0
DA:945,0
DA:946,0
DA:948,0
DA:956,0
DA:957,0
DA:958,0
DA:959,0
DA:960,0
DA:962,0
DA:971,0
DA:974,0
DA:975,0
DA:976,0
DA:980,0
DA:981,0
DA:982,0
DA:983,0
DA:985,0
DA:988,0
DA:991,0
DA:992,0
DA:995,0
DA:996,0
DA:997,0
DA:1003,0
DA:1004,0
DA:1010,0
DA:1011,0
DA:1018,0
DA:1035,0
DA:1037,0
DA:1039,0
DA:1040,0
DA:1043,0
DA:1044,0
DA:1045,0
DA:1047,0
DA:1048,0
DA:1049,0
DA:1050,0
DA:1057,0
DA:1058,0
DA:1059,0
DA:1062,0
DA:1063,0
DA:1064,0
DA:1065,0
DA:1068,0
DA:1092,0
DA:1099,0
DA:1103,0
DA:1106,0
DA:1113,0
DA:1114,0
DA:1115,0
DA:1116,0
DA:1117,0
DA:1119,0
DA:1120,0
DA:1121,0
DA:1123,0
DA:1125,0
DA:1127,0
DA:1132,0
DA:1133,0
DA:1134,0
DA:1135,0
DA:1137,0
DA:1138,0
DA:1139,0
DA:1140,0
DA:1144,0
DA:1146,0
DA:1150,0
DA:1154,0
DA:1164,0
DA:1165,0
DA:1171,0
DA:1172,0
DA:1179,0
DA:1180,0
DA:1181,0
DA:1185,0
DA:1187,0
DA:1188,0
DA:1196,0
DA:1198,0
DA:1199,0
DA:1201,0
DA:1203,0
DA:1222,0
DA:1228,0
DA:1234,0
DA:1236,0
DA:1237,0
DA:1239,0
DA:1241,0
DA:1259,0
DA:1264,0
DA:1273,0
DA:1274,0
DA:1292,0
DA:1293,0
DA:1294,0
DA:1296,0
DA:1297,0
DA:1304,0
DA:1307,0
DA:1310,0
DA:1311,0
DA:1312,0
DA:1313,0
DA:1319,0
DA:1320,0
DA:1321,0
DA:1324,0
DA:1325,0
DA:1326,0
DA:1327,0
DA:1329,0
DA:1354,0
DA:1361,0
DA:1365,0
DA:1369,0
DA:1370,0
DA:1371,0
DA:1372,0
DA:1373,0
DA:1375,0
DA:1376,0
DA:1377,0
DA:1379,0
DA:1381,0
DA:1383,0
DA:1388,0
DA:1390,0
DA:1391,0
DA:1394,0
DA:1395,0
DA:1396,0
DA:1398,0
DA:1400,0
DA:1402,0
DA:1403,0
DA:1404,0
DA:1408,0
DA:1410,0
DA:1415,0
DA:1419,0
DA:1420,0
DA:1421,0
DA:1422,0
DA:1424,0
DA:1426,0
DA:1434,0
DA:1439,0
DA:1445,0
DA:1446,0
DA:1447,0
DA:1448,0
DA:1450,0
DA:1452,0
DA:1456,0
DA:1457,0
DA:1465,0
DA:1466,0
DA:1473,0
DA:1474,0
DA:1477,0
DA:1479,0
DA:1480,0
DA:1486,0
DA:1497,0
DA:1498,0
DA:1499,0
DA:1500,0
DA:1502,0
DA:1511,0
DA:1512,0
DA:1519,0
DA:1521,0
DA:1524,0
DA:1526,0
DA:1527,0
DA:1529,0
DA:1530,0
DA:1532,0
DA:1534,0
DA:1535,0
DA:1536,0
DA:1540,0
DA:1542,0
DA:1547,0
DA:1551,0
DA:1552,0
DA:1553,0
DA:1555,0
DA:1557,0
DA:1563,0
DA:1569,0
DA:1570,0
DA:1580,0
DA:1581,0
DA:1582,0
DA:1585,0
DA:1591,0
DA:1592,0
DA:1599,0
DA:1600,0
DA:1601,0
DA:1603,0
DA:1607,0
DA:1610,0
DA:1617,0
DA:1618,0
DA:1620,0
DA:1621,0
DA:1622,0
DA:1626,0
DA:1628,0
DA:1633,0
DA:1636,0
DA:1637,0
DA:1638,0
DA:1640,0
DA:1642,0
DA:1648,0
DA:1660,0
DA:1661,0
DA:1672,0
DA:1673,0
DA:1674,0
DA:1676,0
DA:1685,0
DA:1686,0
DA:1687,0
DA:1688,0
DA:1689,0
DA:1696,0
DA:1697,0
DA:1700,0
DA:1703,0
DA:1709,0
DA:1717,0
DA:1718,0
DA:1728,0
DA:1729,0
DA:1730,0
DA:1731,0
DA:1733,0
DA:1734,0
DA:1741,0
DA:1744,0
DA:1753,0
DA:1754,0
DA:1755,0
DA:1756,0
DA:1758,0
DA:1760,0
DA:1763,0
DA:1765,0
DA:1774,0
DA:1775,0
DA:1776,0
DA:1777,0
DA:1778,0
DA:1783,0
DA:1785,0
DA:1790,0
DA:1791,0
DA:1794,0
DA:1797,0
DA:1798,0
DA:1803,0
DA:1805,0
DA:1818,0
DA:1823,0
DA:1824,0
DA:1834,0
DA:1835,0
DA:1836,0
DA:1837,0
DA:1839,0
DA:1842,0
DA:1845,0
DA:1846,0
DA:1852,0
DA:1853,0
DA:1860,0
DA:1862,0
DA:1864,0
DA:1865,0
DA:1867,0
DA:1870,0
DA:1872,0
DA:1875,0
DA:1878,0
DA:1879,0
DA:1890,0
DA:1891,0
DA:1892,0
DA:1893,0
DA:1895,0
DA:1898,0
DA:1901,0
DA:1902,0
DA:1907,0
DA:1908,0
DA:1915,0
DA:1917,0
DA:1919,0
DA:1920,0
DA:1922,0
DA:1925,0
DA:1927,0
DA:1930,0
DA:1933,0
DA:1934,0
DA:1945,0
DA:1946,0
DA:1947,0
DA:1950,0
DA:1951,0
DA:1952,0
DA:1959,0
DA:1965,0
DA:1966,0
DA:1976,0
DA:1977,0
DA:1978,0
DA:1980,0
DA:1981,0
DA:1987,0
DA:1990,0
DA:1991,0
DA:1998,0
DA:2004,0
DA:2005,0
DA:2015,0
DA:2017,0
DA:2018,0
DA:2021,0
DA:2027,0
DA:2028,0
DA:2039,0
DA:2040,0
DA:2041,0
DA:2044,0
DA:2050,0
DA:2051,0
DA:2059,0
DA:2060,0
DA:2062,0
DA:2063,0
DA:2069,0
DA:2071,0
DA:2073,0
DA:2074,0
DA:2081,0
DA:2082,0
DA:2086,0
DA:2088,0
DA:2089,0
DA:2096,0
DA:2098,0
DA:2099,0
DA:2101,0
DA:2102,0
DA:2104,0
DA:2105,0
DA:2106,0
DA:2110,0
DA:2113,0
DA:2117,0
DA:2118,0
DA:2119,0
DA:2120,0
DA:2122,0
DA:2128,0
DA:2135,0
DA:2136,0
DA:2147,0
DA:2148,0
DA:2149,0
DA:2150,0
DA:2152,0
DA:2153,0
DA:2160,0
DA:2161,0
DA:2162,0
DA:2169,0
DA:2172,0
DA:2179,0
DA:2196,0
DA:2197,0
DA:2198,0
DA:2199,0
DA:2201,0
DA:2203,0
DA:2206,0
DA:2208,0
DA:2231,0
DA:2232,0
DA:2233,0
DA:2234,0
DA:2235,0
DA:2240,0
DA:2242,0
DA:2247,0
DA:2248,0
DA:2251,0
DA:2254,0
DA:2255,0
DA:2260,0
DA:2262,0
DA:2281,0
DA:2282,0
DA:2293,0
DA:2294,0
DA:2295,0
DA:2298,0
DA:2304,0
DA:2305,0
DA:2312,0
DA:2320,0
DA:2328,0
DA:2329,0
DA:2343,0
DA:2344,0
DA:2345,0
DA:2346,0
DA:2347,0
DA:2365,0
DA:2368,0
DA:2369,0
DA:2370,0
DA:2377,0
DA:2394,0
DA:2397,0
DA:2410,0
DA:2411,0
DA:2413,0
DA:2414,0
DA:2417,0
DA:2418,0
DA:2421,0
DA:2422,0
DA:2425,0
DA:2426,0
DA:2429,0
DA:2432,0
DA:2439,0
DA:2440,0
DA:2451,0
DA:2452,0
DA:2453,0
DA:2454,0
DA:2455,0
DA:2475,0
DA:2478,0
DA:2479,0
DA:2486,0
DA:2487,0
DA:2488,0
DA:2495,0
DA:2496,0
DA:2497,0
DA:2498,0
DA:2500,0
DA:2501,0
DA:2508,0
DA:2526,0
DA:2528,0
DA:2529,0
DA:2538,0
DA:2540,0
DA:2541,0
DA:2597,0
DA:2605,0
DA:2609,0
DA:2612,0
DA:2613,0
DA:2622,0
DA:2637,0
DA:2645,0
DA:2646,0
DA:2657,0
DA:2658,0
DA:2660,0
DA:2661,0
DA:2662,0
DA:2663,0
DA:2670,0
DA:2673,0
DA:2674,0
DA:2675,0
DA:2676,0
DA:2677,0
DA:2678,0
DA:2681,0
DA:2685,0
DA:2700,0
DA:2702,0
DA:2716,0
DA:2717,0
DA:2724,0
DA:2725,0
DA:2732,0
DA:2733,0
DA:2734,0
DA:2741,0
DA:2742,0
DA:2743,0
DA:2744,0
DA:2746,0
DA:2747,0
DA:2754,0
DA:2757,0
DA:2758,0
DA:2759,0
DA:2763,0
DA:2764,0
DA:2765,0
DA:2766,0
DA:2768,0
DA:2771,0
DA:2774,0
DA:2775,0
DA:2793,0
DA:2795,0
DA:2796,0
DA:2806,0
DA:2809,0
DA:2811,0
DA:2812,0
DA:2813,0
DA:2814,0
DA:2817,0
DA:2818,0
DA:2819,0
DA:2820,0
DA:2823,0
DA:2884,0
DA:2893,0
DA:2902,0
DA:2907,0
DA:2908,0
DA:2910,0
DA:2914,0
DA:2915,0
DA:2916,0
DA:2917,0
DA:2918,0
DA:2920,0
DA:2921,0
DA:2922,0
DA:2924,0
DA:2926,0
DA:2928,0
DA:2933,0
DA:2934,0
DA:2935,0
DA:2937,0
DA:2938,0
DA:2939,0
DA:2940,0
DA:2944,0
DA:2946,0
DA:2951,0
DA:2952,0
DA:2961,0
DA:2979,0
DA:2981,0
DA:2988,0
DA:2989,0
DA:2990,0
DA:2992,0
DA:2994,0
DA:2998,0
DA:2999,0
DA:3007,0
DA:3008,0
DA:3015,0
DA:3016,0
DA:3019,0
DA:3021,0
DA:3022,0
DA:3028,0
DA:3039,0
DA:3040,0
DA:3041,0
DA:3042,0
DA:3045,0
DA:3046,0
DA:3047,0
DA:3054,0
DA:3058,0
DA:3059,0
DA:3066,0
DA:3074,0
DA:3084,0
DA:3085,0
DA:3088,0
DA:3091,0
DA:3103,0
DA:3127,0
DA:3128,0
DA:3139,0
DA:3140,0
DA:3145,0
DA:3148,0
DA:3149,0
DA:3155,0
DA:3158,0
DA:3159,0
DA:3160,0
DA:3161,0
DA:3164,0
DA:3166,0
DA:3178,0
DA:3179,0
DA:3190,0
DA:3193,0
DA:3206,0
DA:3215,0
DA:3216,0
DA:3219,0
DA:3228,0
DA:3239,0
DA:3240,0
DA:3250,0
DA:3251,0
DA:3254,0
DA:3255,0
DA:3259,0
DA:3260,0
DA:3262,0
DA:3266,0
DA:3290,0
DA:3294,0
DA:3295,0
DA:3298,0
DA:3303,0
DA:3305,0
DA:3306,0
DA:3309,0
DA:3310,0
DA:3313,0
DA:3314,0
DA:3317,0
DA:3318,0
DA:3321,0
DA:3322,0
DA:3325,0
DA:3329,0
DA:3330,0
DA:3332,0
DA:3334,0
DA:3336,0
DA:3341,0
DA:3342,0
DA:3344,0
DA:3347,0
DA:3348,0
DA:3352,0
DA:3358,0
DA:3359,0
DA:3360,0
DA:3361,0
DA:3364,0
DA:3369,0
DA:3370,0
DA:3371,0
DA:3378,0
DA:3379,0
DA:3380,0
DA:3400,0
DA:3410,0
DA:3413,0
DA:3414,0
DA:3419,0
DA:3420,0
DA:3425,0
DA:3426,0
DA:3427,0
DA:3453,0
DA:3455,0
DA:3457,0
DA:3458,0
DA:3459,0
DA:3461,0
DA:3463,0
DA:3464,0
DA:3467,0
DA:3468,0
DA:3472,0
DA:3477,0
DA:3479,0
DA:3480,0
DA:3481,0
DA:3482,0
DA:3483,0
DA:3484,0
DA:3485,0
DA:3492,0
DA:3494,0
DA:3518,0
DA:3519,0
DA:3530,0
DA:3531,0
DA:3532,0
DA:3535,0
DA:3536,0
DA:3543,0
DA:3548,0
DA:3555,0
DA:3556,0
DA:3558,0
DA:3562,0
DA:3563,0
DA:3564,0
DA:3565,0
DA:3568,0
DA:3571,0
DA:3577,0
DA:3578,0
DA:3579,0
DA:3585,0
DA:3586,0
DA:3591,0
DA:3592,0
DA:3594,0
DA:3595,0
DA:3596,0
DA:3598,0
DA:3599,0
DA:3612,0
DA:3625,0
DA:3626,0
DA:3628,0
DA:3655,0
DA:3656,0
DA:3667,0
DA:3668,0
DA:3669,0
DA:3672,0
DA:3673,0
DA:3680,0
DA:3685,0
DA:3691,0
DA:3692,0
DA:3694,0
DA:3698,0
DA:3699,0
DA:3700,0
DA:3701,0
DA:3704,0
DA:3707,0
DA:3710,0
DA:3716,0
DA:3718,0
DA:3719,0
DA:3720,0
DA:3721,0
DA:3724,0
DA:3730,0
DA:3735,0
DA:3736,0
DA:3737,0
DA:3740,0
DA:3741,0
DA:3742,0
DA:3743,0
DA:3746,0
DA:3747,0
DA:3748,0
DA:3749,0
DA:3750,0
DA:3757,0
DA:3780,0
DA:3781,0
DA:3782,0
DA:3783,0
DA:3784,0
DA:3785,0
DA:3787,0
DA:3788,0
DA:3790,0
DA:3792,0
DA:3818,0
DA:3827,0
DA:3828,0
DA:3839,0
DA:3840,0
DA:3841,0
DA:3844,0
DA:3849,0
DA:3852,0
DA:3853,0
DA:3855,0
DA:3859,0
DA:3860,0
DA:3861,0
DA:3862,0
DA:3865,0
DA:3868,0
DA:3869,0
DA:3870,0
DA:3873,0
DA:3876,0
DA:3877,0
DA:3878,0
DA:3880,0
DA:3881,0
DA:3882,0
DA:3883,0
DA:3886,0
DA:3887,0
DA:3889,0
DA:3890,0
DA:3891,0
DA:3899,0
DA:3900,0
DA:3903,0
DA:3904,0
DA:3907,0
DA:3932,0
DA:3934,0
DA:3935,0
DA:3937,0
DA:3938,0
DA:3940,0
DA:3941,0
DA:3943,0
DA:3944,0
DA:3946,0
DA:3950,0
DA:3951,0
DA:3952,0
DA:3953,0
DA:3954,0
DA:3955,0
DA:3958,0
DA:3959,0
DA:3960,0
DA:3961,0
DA:3963,0
DA:3987,0
DA:3993,0
DA:4007,0
DA:4008,0
DA:4018,0
DA:4019,0
DA:4020,0
DA:4022,0
DA:4023,0
DA:4024,0
DA:4025,0
DA:4026,0
DA:4030,0
DA:4035,0
DA:4036,0
DA:4037,0
DA:4039,0
DA:4040,0
DA:4041,0
DA:4042,0
DA:4043,0
DA:4047,0
DA:4053,0
DA:4054,0
DA:4055,0
DA:4058,0
DA:4059,0
DA:4066,0
DA:4071,0
DA:4078,0
DA:4079,0
DA:4081,0
DA:4085,0
DA:4086,0
DA:4087,0
DA:4090,0
DA:4095,0
DA:4101,0
DA:4102,0
DA:4103,0
DA:4104,0
DA:4116,0
DA:4117,0
DA:4119,0
DA:4120,0
DA:4121,0
DA:4123,0
DA:4124,0
DA:4129,0
DA:4134,0
DA:4135,0
DA:4137,0
DA:4164,0
DA:4165,0
DA:4181,0
DA:4182,0
DA:4183,0
DA:4184,0
DA:4186,0
DA:4187,0
DA:4193,0
DA:4196,0
DA:4198,0
DA:4199,0
DA:4206,0
DA:4207,0
DA:4208,0
DA:4211,0
DA:4213,0
DA:4214,0
DA:4215,0
DA:4217,0
DA:4219,0
DA:4222,0
DA:4223,0
DA:4235,0
DA:4236,0
DA:4237,0
DA:4239,0
DA:4242,0
DA:4243,0
DA:4244,0
DA:4247,0
DA:4249,0
DA:4250,0
DA:4251,0
DA:4253,0
DA:4255,0
DA:4258,0
DA:4259,0
DA:4271,0
DA:4272,0
DA:4273,0
DA:4274,0
DA:4276,0
DA:4277,0
DA:4283,0
DA:4286,0
DA:4288,0
DA:4289,0
DA:4296,0
DA:4297,0
DA:4298,0
DA:4301,0
DA:4303,0
DA:4304,0
DA:4305,0
DA:4307,0
DA:4309,0
DA:4312,0
DA:4313,0
DA:4325,0
DA:4326,0
DA:4327,0
DA:4329,0
DA:4332,0
DA:4333,0
DA:4334,0
DA:4337,0
DA:4339,0
DA:4340,0
DA:4341,0
DA:4343,0
DA:4345,0
DA:4348,0
DA:4349,0
LF:1258
LH:0
BRDA:59,0,0,0
BRDA:59,0,1,0
BRDA:59,1,0,0
BRDA:59,1,1,0
BRDA:63,2,0,0
BRDA:63,2,1,0
BRDA:63,3,0,0
BRDA:63,3,1,0
BRDA:63,3,2,0
BRDA:63,3,3,0
BRDA:67,4,0,0
BRDA:67,4,1,0
BRDA:67,5,0,0
BRDA:67,5,1,0
BRDA:71,6,0,0
BRDA:71,6,1,0
BRDA:71,7,0,0
BRDA:71,7,1,0
BRDA:71,7,2,0
BRDA:75,8,0,0
BRDA:75,8,1,0
BRDA:75,9,0,0
BRDA:75,9,1,0
BRDA:79,10,0,0
BRDA:79,10,1,0
BRDA:79,11,0,0
BRDA:79,11,1,0
BRDA:84,12,0,0
BRDA:84,12,1,0
BRDA:95,13,0,0
BRDA:95,13,1,0
BRDA:96,14,0,0
BRDA:96,14,1,0
BRDA:99,15,0,0
BRDA:99,15,1,0
BRDA:103,16,0,0
BRDA:103,16,1,0
BRDA:125,17,0,0
BRDA:125,17,1,0
BRDA:129,18,0,0
BRDA:129,18,1,0
BRDA:133,19,0,0
BRDA:133,19,1,0
BRDA:133,20,0,0
BRDA:133,20,1,0
BRDA:137,21,0,0
BRDA:137,21,1,0
BRDA:141,22,0,0
BRDA:141,22,1,0
BRDA:147,23,0,0
BRDA:147,23,1,0
BRDA:147,24,0,0
BRDA:147,24,1,0
BRDA:147,24,2,0
BRDA:147,24,3,0
BRDA:151,25,0,0
BRDA:151,25,1,0
BRDA:151,26,0,0
BRDA:151,26,1,0
BRDA:151,26,2,0
BRDA:158,27,0,0
BRDA:158,27,1,0
BRDA:158,28,0,0
BRDA:158,28,1,0
BRDA:158,28,2,0
BRDA:180,29,0,0
BRDA:180,29,1,0
BRDA:184,30,0,0
BRDA:195,31,0,0
BRDA:195,31,1,0
BRDA:201,32,0,0
BRDA:201,32,1,0
BRDA:204,33,0,0
BRDA:204,33,1,0
BRDA:209,34,0,0
BRDA:209,34,1,0
BRDA:214,35,0,0
BRDA:214,35,1,0
BRDA:215,36,0,0
BRDA:215,36,1,0
BRDA:216,37,0,0
BRDA:216,37,1,0
BRDA:233,38,0,0
BRDA:233,38,1,0
BRDA:239,39,0,0
BRDA:239,39,1,0
BRDA:242,40,0,0
BRDA:242,40,1,0
BRDA:247,41,0,0
BRDA:247,41,1,0
BRDA:252,42,0,0
BRDA:252,42,1,0
BRDA:253,43,0,0
BRDA:253,43,1,0
BRDA:254,44,0,0
BRDA:254,44,1,0
BRDA:272,45,0,0
BRDA:272,45,1,0
BRDA:275,46,0,0
BRDA:275,46,1,0
BRDA:305,47,0,0
BRDA:305,47,1,0
BRDA:328,48,0,0
BRDA:328,48,1,0
BRDA:329,49,0,0
BRDA:329,49,1,0
BRDA:343,50,0,0
BRDA:343,50,1,0
BRDA:350,51,0,0
BRDA:350,51,1,0
BRDA:351,52,0,0
BRDA:351,52,1,0
BRDA:354,53,0,0
BRDA:354,53,1,0
BRDA:355,54,0,0
BRDA:355,54,1,0
BRDA:363,55,0,0
BRDA:363,55,1,0
BRDA:363,56,0,0
BRDA:363,56,1,0
BRDA:366,57,0,0
BRDA:366,57,1,0
BRDA:366,58,0,0
BRDA:366,58,1,0
BRDA:373,59,0,0
BRDA:373,59,1,0
BRDA:381,60,0,0
BRDA:381,60,1,0
BRDA:391,61,0,0
BRDA:391,61,1,0
BRDA:392,62,0,0
BRDA:392,62,1,0
BRDA:393,63,0,0
BRDA:393,63,1,0
BRDA:394,64,0,0
BRDA:394,64,1,0
BRDA:395,65,0,0
BRDA:395,65,1,0
BRDA:401,66,0,0
BRDA:401,66,1,0
BRDA:402,67,0,0
BRDA:402,67,1,0
BRDA:402,68,0,0
BRDA:402,68,1,0
BRDA:406,69,0,0
BRDA:406,69,1,0
BRDA:411,70,0,0
BRDA:411,70,1,0
BRDA:412,71,0,0
BRDA:412,71,1,0
BRDA:414,72,0,0
BRDA:414,72,1,0
BRDA:454,73,0,0
BRDA:454,73,1,0
BRDA:474,74,0,0
BRDA:474,74,1,0
BRDA:474,75,0,0
BRDA:474,75,1,0
BRDA:481,76,0,0
BRDA:481,76,1,0
BRDA:481,77,0,0
BRDA:481,77,1,0
BRDA:488,78,0,0
BRDA:488,78,1,0
BRDA:488,79,0,0
BRDA:488,79,1,0
BRDA:516,80,0,0
BRDA:516,80,1,0
BRDA:519,81,0,0
BRDA:519,81,1,0
BRDA:519,82,0,0
BRDA:519,82,1,0
BRDA:538,83,0,0
BRDA:538,83,1,0
BRDA:538,84,0,0
BRDA:538,84,1,0
BRDA:546,85,0,0
BRDA:546,85,1,0
BRDA:552,86,0,0
BRDA:552,86,1,0
BRDA:555,87,0,0
BRDA:555,87,1,0
BRDA:555,88,0,0
BRDA:555,88,1,0
BRDA:568,89,0,0
BRDA:568,89,1,0
BRDA:571,90,0,0
BRDA:571,90,1,0
BRDA:579,91,0,0
BRDA:579,91,1,0
BRDA:585,92,0,0
BRDA:585,92,1,0
BRDA:595,93,0,0
BRDA:595,93,1,0
BRDA:609,94,0,0
BRDA:609,94,1,0
BRDA:613,95,0,0
BRDA:613,95,1,0
BRDA:633,96,0,0
BRDA:633,96,1,0
BRDA:647,97,0,0
BRDA:647,97,1,0
BRDA:668,98,0,0
BRDA:668,98,1,0
BRDA:669,99,0,0
BRDA:669,99,1,0
BRDA:669,100,0,0
BRDA:669,100,1,0
BRDA:676,101,0,0
BRDA:676,101,1,0
BRDA:676,102,0,0
BRDA:676,102,1,0
BRDA:676,102,2,0
BRDA:676,102,3,0
BRDA:676,102,4,0
BRDA:689,103,0,0
BRDA:689,103,1,0
BRDA:695,104,0,0
BRDA:695,104,1,0
BRDA:697,105,0,0
BRDA:697,105,1,0
BRDA:697,106,0,0
BRDA:697,106,1,0
BRDA:699,107,0,0
BRDA:699,107,1,0
BRDA:701,108,0,0
BRDA:701,108,1,0
BRDA:701,109,0,0
BRDA:701,109,1,0
BRDA:702,110,0,0
BRDA:702,110,1,0
BRDA:707,111,0,0
BRDA:707,111,1,0
BRDA:717,112,0,0
BRDA:717,112,1,0
BRDA:718,113,0,0
BRDA:718,113,1,0
BRDA:718,114,0,0
BRDA:718,114,1,0
BRDA:719,115,0,0
BRDA:719,115,1,0
BRDA:719,116,0,0
BRDA:719,116,1,0
BRDA:720,117,0,0
BRDA:720,117,1,0
BRDA:726,118,0,0
BRDA:726,118,1,0
BRDA:754,119,0,0
BRDA:754,119,1,0
BRDA:774,120,0,0
BRDA:774,120,1,0
BRDA:778,121,0,0
BRDA:778,121,1,0
BRDA:787,122,0,0
BRDA:787,122,1,0
BRDA:787,123,0,0
BRDA:787,123,1,0
BRDA:788,124,0,0
BRDA:788,124,1,0
BRDA:790,125,0,0
BRDA:790,125,1,0
BRDA:792,126,0,0
BRDA:792,126,1,0
BRDA:798,127,0,0
BRDA:798,127,1,0
BRDA:817,128,0,0
BRDA:817,128,1,0
BRDA:820,129,0,0
BRDA:820,129,1,0
BRDA:822,130,0,0
BRDA:822,130,1,0
BRDA:824,131,0,0
BRDA:824,131,1,0
BRDA:833,132,0,0
BRDA:833,132,1,0
BRDA:841,133,0,0
BRDA:841,133,1,0
BRDA:853,134,0,0
BRDA:853,134,1,0
BRDA:865,135,0,0
BRDA:865,135,1,0
BRDA:879,136,0,0
BRDA:879,136,1,0
BRDA:938,137,0,0
BRDA:938,137,1,0
BRDA:938,138,0,0
BRDA:938,138,1,0
BRDA:942,139,0,0
BRDA:942,139,1,0
BRDA:942,140,0,0
BRDA:942,140,1,0
BRDA:944,141,0,0
BRDA:944,141,1,0
BRDA:956,142,0,0
BRDA:956,142,1,0
BRDA:958,143,0,0
BRDA:958,143,1,0
BRDA:982,144,0,0
BRDA:982,144,1,0
BRDA:991,145,0,0
BRDA:991,145,1,0
BRDA:991,146,0,0
BRDA:991,146,1,0
BRDA:996,147,0,0
BRDA:996,147,1,0
BRDA:996,148,0,0
BRDA:996,148,1,0
BRDA:1003,149,0,0
BRDA:1003,149,1,0
BRDA:1003,150,0,0
BRDA:1003,150,1,0
BRDA:1003,150,2,0
BRDA:1003,150,3,0
BRDA:1010,151,0,0
BRDA:1010,151,1,0
BRDA:1010,152,0,0
BRDA:1010,152,1,0
BRDA:1024,153,0,0
BRDA:1024,153,1,0
BRDA:1031,154,0,0
BRDA:1031,154,1,0
BRDA:1047,155,0,0
BRDA:1047,155,1,0
BRDA:1047,156,0,0
BRDA:1047,156,1,0
BRDA:1047,156,2,0
BRDA:1049,157,0,0
BRDA:1049,157,1,0
BRDA:1063,158,0,0
BRDA:1063,158,1,0
BRDA:1073,159,0,0
BRDA:1073,159,1,0
BRDA:1080,160,0,0
BRDA:1080,160,1,0
BRDA:1081,161,0,0
BRDA:1081,161,1,0
BRDA:1089,162,0,0
BRDA:1089,162,1,0
BRDA:1090,163,0,0
BRDA:1090,163,1,0
BRDA:1092,164,0,0
BRDA:1092,164,1,0
BRDA:1092,165,0,0
BRDA:1092,165,1,0
BRDA:1094,166,0,0
BRDA:1094,166,1,0
BRDA:1095,167,0,0
BRDA:1095,167,1,0
BRDA:1099,168,0,0
BRDA:1099,168,1,0
BRDA:1103,169,0,0
BRDA:1103,169,1,0
BRDA:1113,170,0,0
BRDA:1113,170,1,0
BRDA:1134,171,0,0
BRDA:1134,171,1,0
BRDA:1135,172,0,0
BRDA:1135,172,1,0
BRDA:1135,173,0,0
BRDA:1135,173,1,0
BRDA:1137,174,0,0
BRDA:1137,174,1,0
BRDA:1164,175,0,0
BRDA:1164,175,1,0
BRDA:1164,176,0,0
BRDA:1164,176,1,0
BRDA:1171,177,0,0
BRDA:1171,177,1,0
BRDA:1171,178,0,0
BRDA:1171,178,1,0
BRDA:1179,179,0,0
BRDA:1179,179,1,0
BRDA:1179,180,0,0
BRDA:1179,180,1,0
BRDA:1179,180,2,0
BRDA:1198,181,0,0
BRDA:1198,181,1,0
BRDA:1201,182,0,0
BRDA:1201,182,1,0
BRDA:1216,183,0,0
BRDA:1216,183,1,0
BRDA:1217,184,0,0
BRDA:1217,184,1,0
BRDA:1236,185,0,0
BRDA:1236,185,1,0
BRDA:1239,186,0,0
BRDA:1239,186,1,0
BRDA:1254,187,0,0
BRDA:1254,187,1,0
BRDA:1270,188,0,0
BRDA:1270,188,1,0
BRDA:1273,189,0,0
BRDA:1273,189,1,0
BRDA:1284,190,0,0
BRDA:1284,190,1,0
BRDA:1296,191,0,0
BRDA:1296,191,1,0
BRDA:1296,192,0,0
BRDA:1296,192,1,0
BRDA:1296,192,2,0
BRDA:1310,193,0,0
BRDA:1310,193,1,0
BRDA:1325,194,0,0
BRDA:1325,194,1,0
BRDA:1334,195,0,0
BRDA:1334,195,1,0
BRDA:1341,196,0,0
BRDA:1341,196,1,0
BRDA:1342,197,0,0
BRDA:1342,197,1,0
BRDA:1344,198,0,0
BRDA:1344,198,1,0
BRDA:1344,199,0,0
BRDA:1344,199,1,0
BRDA:1346,200,0,0
BRDA:1346,200,1,0
BRDA:1351,201,0,0
BRDA:1351,201,1,0
BRDA:1352,202,0,0
BRDA:1352,202,1,0
BRDA:1354,203,0,0
BRDA:1354,203,1,0
BRDA:1354,204,0,0
BRDA:1354,204,1,0
BRDA:1356,205,0,0
BRDA:1356,205,1,0
BRDA:1357,206,0,0
BRDA:1357,206,1,0
BRDA:1361,207,0,0
BRDA:1361,207,1,0
BRDA:1365,208,0,0
BRDA:1365,208,1,0
BRDA:1369,209,0,0
BRDA:1369,209,1,0
BRDA:1391,210,0,0
BRDA:1391,210,1,0
BRDA:1395,211,0,0
BRDA:1395,211,1,0
BRDA:1396,212,0,0
BRDA:1396,212,1,0
BRDA:1396,213,0,0
BRDA:1396,213,1,0
BRDA:1400,214,0,0
BRDA:1400,214,1,0
BRDA:1419,215,0,0
BRDA:1419,215,1,0
BRDA:1445,216,0,0
BRDA:1445,216,1,0
BRDA:1465,217,0,0
BRDA:1465,217,1,0
BRDA:1473,218,0,0
BRDA:1473,218,1,0
BRDA:1479,219,0,0
BRDA:1479,219,1,0
BRDA:1489,220,0,0
BRDA:1489,220,1,0
BRDA:1508,221,0,0
BRDA:1508,221,1,0
BRDA:1511,222,0,0
BRDA:1511,222,1,0
BRDA:1526,223,0,0
BRDA:1526,223,1,0
BRDA:1530,224,0,0
BRDA:1530,224,1,0
BRDA:1532,225,0,0
BRDA:1532,225,1,0
BRDA:1591,226,0,0
BRDA:1591,226,1,0
BRDA:1591,227,0,0
BRDA:1591,227,1,0
BRDA:1600,228,0,0
BRDA:1600,228,1,0
BRDA:1600,229,0,0
BRDA:1600,229,1,0
BRDA:1618,230,0,0
BRDA:1618,230,1,0
BRDA:1688,231,0,0
BRDA:1688,231,1,0
BRDA:1696,232,0,0
BRDA:1696,232,1,0
BRDA:1702,233,0,0
BRDA:1702,233,1,0
BRDA:1703,234,0,0
BRDA:1703,234,1,0
BRDA:1704,235,0,0
BRDA:1704,235,1,0
BRDA:1733,236,0,0
BRDA:1733,236,1,0
BRDA:1733,237,0,0
BRDA:1733,237,1,0
BRDA:1753,238,0,0
BRDA:1753,238,1,0
BRDA:1753,239,0,0
BRDA:1753,239,1,0
BRDA:1758,240,0,0
BRDA:1758,240,1,0
BRDA:1760,241,0,0
BRDA:1760,241,1,0
BRDA:1763,242,0,0
BRDA:1763,242,1,0
BRDA:1775,243,0,0
BRDA:1775,243,1,0
BRDA:1794,244,0,0
BRDA:1794,244,1,0
BRDA:1794,245,0,0
BRDA:1794,245,1,0
BRDA:1794,245,2,0
BRDA:1812,246,0,0
BRDA:1812,246,1,0
BRDA:1816,247,0,0
BRDA:1816,247,1,0
BRDA:1818,248,0,0
BRDA:1818,248,1,0
BRDA:1837,249,0,0
BRDA:1852,250,0,0
BRDA:1852,250,1,0
BRDA:1864,251,0,0
BRDA:1864,251,1,0
BRDA:1882,252,0,0
BRDA:1882,252,1,0
BRDA:1893,253,0,0
BRDA:1907,254,0,0
BRDA:1907,254,1,0
BRDA:1919,255,0,0
BRDA:1919,255,1,0
BRDA:1937,256,0,0
BRDA:1937,256,1,0
BRDA:1951,257,0,0
BRDA:1951,257,1,0
BRDA:1980,258,0,0
BRDA:1980,258,1,0
BRDA:1990,259,0,0
BRDA:1990,259,1,0
BRDA:1990,260,0,0
BRDA:1990,260,1,0
BRDA:1990,260,2,0
BRDA:2062,261,0,0
BRDA:2062,261,1,0
BRDA:2062,262,0,0
BRDA:2062,262,1,0
BRDA:2073,263,0,0
BRDA:2073,263,1,0
BRDA:2073,264,0,0
BRDA:2073,264,1,0
BRDA:2088,265,0,0
BRDA:2088,265,1,0
BRDA:2098,266,0,0
BRDA:2098,266,1,0
BRDA:2102,267,0,0
BRDA:2102,267,1,0
BRDA:2104,268,0,0
BRDA:2104,268,1,0
BRDA:2152,269,0,0
BRDA:2152,269,1,0
BRDA:2152,270,0,0
BRDA:2152,270,1,0
BRDA:2161,271,0,0
BRDA:2161,271,1,0
BRDA:2196,272,0,0
BRDA:2196,272,1,0
BRDA:2196,273,0,0
BRDA:2196,273,1,0
BRDA:2201,274,0,0
BRDA:2201,274,1,0
BRDA:2203,275,0,0
BRDA:2203,275,1,0
BRDA:2206,276,0,0
BRDA:2206,276,1,0
BRDA:2232,277,0,0
BRDA:2232,277,1,0
BRDA:2251,278,0,0
BRDA:2251,278,1,0
BRDA:2251,279,0,0
BRDA:2251,279,1,0
BRDA:2251,279,2,0
BRDA:2270,280,0,0
BRDA:2270,280,1,0
BRDA:2274,281,0,0
BRDA:2274,281,1,0
BRDA:2275,282,0,0
BRDA:2275,282,1,0
BRDA:2304,283,0,0
BRDA:2304,283,1,0
BRDA:2346,284,0,0
BRDA:2346,284,1,0
BRDA:2369,285,0,0
BRDA:2369,285,1,0
BRDA:2388,286,0,0
BRDA:2388,286,1,0
BRDA:2410,287,0,0
BRDA:2410,287,1,0
BRDA:2413,288,0,0
BRDA:2413,288,1,0
BRDA:2417,289,0,0
BRDA:2417,289,1,0
BRDA:2421,290,0,0
BRDA:2421,290,1,0
BRDA:2425,291,0,0
BRDA:2425,291,1,0
BRDA:2454,292,0,0
BRDA:2454,292,1,0
BRDA:2478,293,0,0
BRDA:2478,293,1,0
BRDA:2487,294,0,0
BRDA:2487,294,1,0
BRDA:2500,295,0,0
BRDA:2500,295,1,0
BRDA:2500,296,0,0
BRDA:2500,296,1,0
BRDA:2500,296,2,0
BRDA:2500,296,3,0
BRDA:2528,297,0,0
BRDA:2528,297,1,0
BRDA:2547,298,0,0
BRDA:2547,298,1,0
BRDA:2566,299,0,0
BRDA:2566,299,1,0
BRDA:2567,300,0,0
BRDA:2567,300,1,0
BRDA:2568,301,0,0
BRDA:2568,301,1,0
BRDA:2569,302,0,0
BRDA:2569,302,1,0
BRDA:2592,303,0,0
BRDA:2592,303,1,0
BRDA:2629,304,0,0
BRDA:2629,304,1,0
BRDA:2630,305,0,0
BRDA:2630,305,1,0
BRDA:2661,306,0,0
BRDA:2661,306,1,0
BRDA:2675,307,0,0
BRDA:2675,307,1,0
BRDA:2716,308,0,0
BRDA:2716,308,1,0
BRDA:2724,309,0,0
BRDA:2724,309,1,0
BRDA:2724,310,0,0
BRDA:2724,310,1,0
BRDA:2733,311,0,0
BRDA:2733,311,1,0
BRDA:2746,312,0,0
BRDA:2746,312,1,0
BRDA:2746,313,0,0
BRDA:2746,313,1,0
BRDA:2746,313,2,0
BRDA:2746,313,3,0
BRDA:2765,314,0,0
BRDA:2765,314,1,0
BRDA:2795,315,0,0
BRDA:2795,315,1,0
BRDA:2818,316,0,0
BRDA:2818,316,1,0
BRDA:2829,317,0,0
BRDA:2829,317,1,0
BRDA:2852,318,0,0
BRDA:2852,318,1,0
BRDA:2853,319,0,0
BRDA:2853,319,1,0
BRDA:2854,320,0,0
BRDA:2854,320,1,0
BRDA:2855,321,0,0
BRDA:2855,321,1,0
BRDA:2879,322,0,0
BRDA:2879,322,1,0
BRDA:2890,323,0,0
BRDA:2890,323,1,0
BRDA:2891,324,0,0
BRDA:2891,324,1,0
BRDA:2893,325,0,0
BRDA:2893,325,1,0
BRDA:2893,326,0,0
BRDA:2893,326,1,0
BRDA:2895,327,0,0
BRDA:2895,327,1,0
BRDA:2896,328,0,0
BRDA:2896,328,1,0
BRDA:2898,329,0,0
BRDA:2898,329,1,0
BRDA:2907,330,0,0
BRDA:2907,330,1,0
BRDA:2914,331,0,0
BRDA:2914,331,1,0
BRDA:2934,332,0,0
BRDA:2934,332,1,0
BRDA:2935,333,0,0
BRDA:2935,333,1,0
BRDA:2935,334,0,0
BRDA:2935,334,1,0
BRDA:2937,335,0,0
BRDA:2937,335,1,0
BRDA:2971,336,0,0
BRDA:2971,336,1,0
BRDA:2972,337,0,0
BRDA:2972,337,1,0
BRDA:2988,338,0,0
BRDA:2988,338,1,0
BRDA:3007,339,0,0
BRDA:3007,339,1,0
BRDA:3015,340,0,0
BRDA:3015,340,1,0
BRDA:3021,341,0,0
BRDA:3021,341,1,0
BRDA:3031,342,0,0
BRDA:3031,342,1,0
BRDA:3046,343,0,0
BRDA:3046,343,1,0
BRDA:3054,344,0,0
BRDA:3054,344,1,0
BRDA:3058,345,0,0
BRDA:3058,345,1,0
BRDA:3148,346,0,0
BRDA:3148,346,1,0
BRDA:3164,347,0,0
BRDA:3164,347,1,0
BRDA:3164,348,0,0
BRDA:3164,348,1,0
BRDA:3178,349,0,0
BRDA:3178,349,1,0
BRDA:3190,350,0,0
BRDA:3190,350,1,0
BRDA:3190,351,0,0
BRDA:3190,351,1,0
BRDA:3190,351,2,0
BRDA:3215,352,0,0
BRDA:3215,352,1,0
BRDA:3264,353,0,0
BRDA:3264,353,1,0
BRDA:3265,354,0,0
BRDA:3265,354,1,0
BRDA:3266,355,0,0
BRDA:3266,355,1,0
BRDA:3267,356,0,0
BRDA:3267,356,1,0
BRDA:3272,357,0,0
BRDA:3272,357,1,0
BRDA:3276,358,0,0
BRDA:3276,358,1,0
BRDA:3277,359,0,0
BRDA:3277,359,1,0
BRDA:3278,360,0,0
BRDA:3278,360,1,0
BRDA:3282,361,0,0
BRDA:3282,361,1,0
BRDA:3305,362,0,0
BRDA:3305,362,1,0
BRDA:3309,363,0,0
BRDA:3309,363,1,0
BRDA:3313,364,0,0
BRDA:3313,364,1,0
BRDA:3317,365,0,0
BRDA:3317,365,1,0
BRDA:3321,366,0,0
BRDA:3321,366,1,0
BRDA:3330,367,0,0
BRDA:3330,367,1,0
BRDA:3330,367,2,0
BRDA:3342,368,0,0
BRDA:3342,368,1,0
BRDA:3347,369,0,0
BRDA:3347,369,1,0
BRDA:3364,370,0,0
BRDA:3364,370,1,0
BRDA:3370,371,0,0
BRDA:3370,371,1,0
BRDA:3378,372,0,0
BRDA:3378,372,1,0
BRDA:3423,373,0,0
BRDA:3423,373,1,0
BRDA:3424,374,0,0
BRDA:3424,374,1,0
BRDA:3426,375,0,0
BRDA:3426,375,1,0
BRDA:3427,376,0,0
BRDA:3427,376,1,0
BRDA:3427,376,2,0
BRDA:3429,377,0,0
BRDA:3429,377,1,0
BRDA:3442,378,0,0
BRDA:3442,378,1,0
BRDA:3445,379,0,0
BRDA:3445,379,1,0
BRDA:3449,380,0,0
BRDA:3449,380,1,0
BRDA:3453,381,0,0
BRDA:3453,381,1,0
BRDA:3458,382,0,0
BRDA:3458,382,1,0
BRDA:3458,383,0,0
BRDA:3458,383,1,0
BRDA:3458,384,0,0
BRDA:3458,384,1,0
BRDA:3461,385,0,0
BRDA:3461,385,1,0
BRDA:3484,386,0,0
BRDA:3484,386,1,0
BRDA:3485,387,0,0
BRDA:3485,387,1,0
BRDA:3485,387,2,0
BRDA:3535,388,0,0
BRDA:3535,388,1,0
BRDA:3535,389,0,0
BRDA:3535,389,1,0
BRDA:3543,390,0,0
BRDA:3543,390,1,0
BRDA:3555,391,0,0
BRDA:3555,391,1,0
BRDA:3563,392,0,0
BRDA:3563,392,1,0
BRDA:3564,393,0,0
BRDA:3564,393,1,0
BRDA:3565,394,0,0
BRDA:3565,394,1,0
BRDA:3583,395,0,0
BRDA:3583,395,1,0
BRDA:3586,396,0,0
BRDA:3586,396,1,0
BRDA:3596,397,0,0
BRDA:3596,397,1,0
BRDA:3635,398,0,0
BRDA:3635,398,1,0
BRDA:3636,399,0,0
BRDA:3636,399,1,0
BRDA:3638,400,0,0
BRDA:3638,400,1,0
BRDA:3639,401,0,0
BRDA:3639,401,1,0
BRDA:3640,402,0,0
BRDA:3640,402,1,0
BRDA:3672,403,0,0
BRDA:3672,403,1,0
BRDA:3680,404,0,0
BRDA:3680,404,1,0
BRDA:3691,405,0,0
BRDA:3691,405,1,0
BRDA:3699,406,0,0
BRDA:3699,406,1,0
BRDA:3700,407,0,0
BRDA:3700,407,1,0
BRDA:3701,408,0,0
BRDA:3701,408,1,0
BRDA:3720,409,0,0
BRDA:3720,409,1,0
BRDA:3728,410,0,0
BRDA:3728,410,1,0
BRDA:3730,411,0,0
BRDA:3730,411,1,0
BRDA:3737,412,0,0
BRDA:3737,412,1,0
BRDA:3753,413,0,0
BRDA:3753,413,1,0
BRDA:3798,414,0,0
BRDA:3798,414,1,0
BRDA:3801,415,0,0
BRDA:3801,415,1,0
BRDA:3802,416,0,0
BRDA:3802,416,1,0
BRDA:3803,417,0,0
BRDA:3803,417,1,0
BRDA:3841,418,0,0
BRDA:3844,419,0,0
BRDA:3844,419,1,0
BRDA:3852,420,0,0
BRDA:3852,420,1,0
BRDA:3860,421,0,0
BRDA:3860,421,1,0
BRDA:3861,422,0,0
BRDA:3861,422,1,0
BRDA:3862,423,0,0
BRDA:3862,423,1,0
BRDA:3900,424,0,0
BRDA:3900,424,1,0
BRDA:3904,425,0,0
BRDA:3904,425,1,0
BRDA:3932,426,0,0
BRDA:3932,426,1,0
BRDA:3932,426,2,0
BRDA:3932,426,3,0
BRDA:3932,426,4,0
BRDA:3967,427,0,0
BRDA:3967,427,1,0
BRDA:3972,428,0,0
BRDA:3972,428,1,0
BRDA:3973,429,0,0
BRDA:3973,429,1,0
BRDA:3974,430,0,0
BRDA:3974,430,1,0
BRDA:4024,431,0,0
BRDA:4024,431,1,0
BRDA:4041,432,0,0
BRDA:4041,432,1,0
BRDA:4047,433,0,0
BRDA:4047,433,1,0
BRDA:4058,434,0,0
BRDA:4058,434,1,0
BRDA:4058,435,0,0
BRDA:4058,435,1,0
BRDA:4066,436,0,0
BRDA:4066,436,1,0
BRDA:4078,437,0,0
BRDA:4078,437,1,0
BRDA:4086,438,0,0
BRDA:4086,438,1,0
BRDA:4087,439,0,0
BRDA:4087,439,1,0
BRDA:4108,440,0,0
BRDA:4108,440,1,0
BRDA:4123,441,0,0
BRDA:4123,441,1,0
BRDA:4146,442,0,0
BRDA:4146,442,1,0
BRDA:4147,443,0,0
BRDA:4147,443,1,0
BRDA:4149,444,0,0
BRDA:4149,444,1,0
BRDA:4150,445,0,0
BRDA:4150,445,1,0
BRDA:4186,446,0,0
BRDA:4186,446,1,0
BRDA:4198,447,0,0
BRDA:4198,447,1,0
BRDA:4226,448,0,0
BRDA:4226,448,1,0
BRDA:4262,449,0,0
BRDA:4262,449,1,0
BRDA:4276,450,0,0
BRDA:4276,450,1,0
BRDA:4288,451,0,0
BRDA:4288,451,1,0
BRDA:4316,452,0,0
BRDA:4316,452,1,0
BRDA:4352,453,0,0
BRDA:4352,453,1,0
BRF:933
BRH:0
end_of_record
TN:
SF:controllers/routineSlotController.js
FN:10,(anonymous_0)
FN:49,(anonymous_1)
FN:97,(anonymous_2)
FN:127,(anonymous_3)
FN:176,(anonymous_4)
FN:201,(anonymous_5)
FN:225,(anonymous_6)
FN:231,(anonymous_7)
FN:252,(anonymous_8)
FN:265,(anonymous_9)
FN:323,(anonymous_10)
FN:351,(anonymous_11)
FN:356,(anonymous_12)
FN:357,(anonymous_13)
FN:358,(anonymous_14)
FNF:15
FNH:0
FNDA:0,(anonymous_0)
FNDA:0,(anonymous_1)
FNDA:0,(anonymous_2)
FNDA:0,(anonymous_3)
FNDA:0,(anonymous_4)
FNDA:0,(anonymous_5)
FNDA:0,(anonymous_6)
FNDA:0,(anonymous_7)
FNDA:0,(anonymous_8)
FNDA:0,(anonymous_9)
FNDA:0,(anonymous_10)
FNDA:0,(anonymous_11)
FNDA:0,(anonymous_12)
FNDA:0,(anonymous_13)
FNDA:0,(anonymous_14)
DA:1,0
DA:2,0
DA:3,0
DA:4,0
DA:5,0
DA:10,0
DA:11,0
DA:12,0
DA:13,0
DA:16,0
DA:18,0
DA:20,0
DA:21,0
DA:27,0
DA:28,0
DA:31,0
DA:39,0
DA:41,0
DA:42,0
DA:49,0
DA:50,0
DA:61,0
DA:63,0
DA:65,0
DA:66,0
DA:67,0
DA:68,0
DA:69,0
DA:70,0
DA:71,0
DA:72,0
DA:73,0
DA:75,0
DA:87,0
DA:89,0
DA:90,0
DA:97,0
DA:98,0
DA:99,0
DA:110,0
DA:111,0
DA:114,0
DA:116,0
DA:117,0
DA:118,0
DA:120,0
DA:127,0
DA:128,0
DA:129,0
DA:130,0
DA:133,0
DA:134,0
DA:136,0
DA:137,0
DA:141,0
DA:142,0
DA:144,0
DA:145,0
DA:151,0
DA:163,0
DA:165,0
DA:166,0
DA:167,0
DA:169,0
DA:176,0
DA:177,0
DA:178,0
DA:180,0
DA:181,0
DA:185,0
DA:186,0
DA:188,0
DA:190,0
DA:191,0
DA:192,0
DA:194,0
DA:201,0
DA:202,0
DA:203,0
DA:205,0
DA:206,0
DA:207,0
DA:208,0
DA:209,0
DA:210,0
DA:212,0
DA:221,0
DA:225,0
DA:226,0
DA:231,0
DA:239,0
DA:242,0
DA:244,0
DA:245,0
DA:252,0
DA:253,0
DA:254,0
DA:255,0
DA:257,0
DA:258,0
DA:265,0
DA:266,0
DA:267,0
DA:269,0
DA:270,0
DA:273,0
DA:279,0
DA:280,0
DA:282,0
DA:284,0
DA:285,0
DA:289,0
DA:292,0
DA:293,0
DA:294,0
DA:297,0
DA:304,0
DA:315,0
DA:316,0
DA:323,0
DA:324,0
DA:325,0
DA:326,0
DA:329,0
DA:344,0
DA:347,0
DA:348,0
DA:351,0
DA:352,0
DA:356,0
DA:357,0
DA:358,0
DA:361,0
DA:362,0
DA:363,0
DA:365,0
DA:371,0
DA:372,0
DA:375,0
DA:376,0
DA:378,0
DA:379,0
DA:382,0
DA:383,0
DA:386,0
DA:387,0
DA:392,0
DA:395,0
DA:399,0
DA:402,0
DA:406,0
DA:409,0
DA:410,0
DA:412,0
DA:439,0
DA:441,0
DA:442,0
DA:448,0
DA:449,0
DA:452,0
DA:460,0
DA:463,0
DA:473,0
DA:474,0
LF:164
LH:0
BRDA:12,0,0,0
BRDA:12,0,1,0
BRDA:20,1,0,0
BRDA:20,1,1,0
BRDA:65,2,0,0
BRDA:65,2,1,0
BRDA:66,3,0,0
BRDA:66,3,1,0
BRDA:67,4,0,0
BRDA:67,4,1,0
BRDA:68,5,0,0
BRDA:68,5,1,0
BRDA:69,6,0,0
BRDA:69,6,1,0
BRDA:70,7,0,0
BRDA:70,7,1,0
BRDA:71,8,0,0
BRDA:71,8,1,0
BRDA:72,9,0,0
BRDA:72,9,1,0
BRDA:73,10,0,0
BRDA:73,10,1,0
BRDA:110,11,0,0
BRDA:110,11,1,0
BRDA:117,12,0,0
BRDA:117,12,1,0
BRDA:129,13,0,0
BRDA:129,13,1,0
BRDA:136,14,0,0
BRDA:136,14,1,0
BRDA:144,15,0,0
BRDA:144,15,1,0
BRDA:166,16,0,0
BRDA:166,16,1,0
BRDA:180,17,0,0
BRDA:180,17,1,0
BRDA:191,18,0,0
BRDA:191,18,1,0
BRDA:206,19,0,0
BRDA:206,19,1,0
BRDA:207,20,0,0
BRDA:207,20,1,0
BRDA:208,21,0,0
BRDA:208,21,1,0
BRDA:209,22,0,0
BRDA:209,22,1,0
BRDA:210,23,0,0
BRDA:210,23,1,0
BRDA:229,24,0,0
BRDA:229,24,1,0
BRDA:230,25,0,0
BRDA:230,25,1,0
BRDA:231,26,0,0
BRDA:231,26,1,0
BRDA:232,27,0,0
BRDA:232,27,1,0
BRDA:269,28,0,0
BRDA:269,28,1,0
BRDA:269,29,0,0
BRDA:269,29,1,0
BRDA:284,30,0,0
BRDA:284,30,1,0
BRDA:325,31,0,0
BRDA:325,31,1,0
BRDA:347,32,0,0
BRDA:347,32,1,0
BRDA:347,33,0,0
BRDA:347,33,1,0
BRDA:347,33,2,0
BRDA:351,34,0,0
BRDA:351,34,1,0
BRDA:371,35,0,0
BRDA:371,35,1,0
BRDA:378,36,0,0
BRDA:378,36,1,0
BRDA:382,37,0,0
BRDA:382,37,1,0
BRDA:386,38,0,0
BRDA:386,38,1,0
BRDA:386,39,0,0
BRDA:386,39,1,0
BRDA:386,39,2,0
BRDA:392,40,0,0
BRDA:392,40,1,0
BRDA:395,41,0,0
BRDA:395,41,1,0
BRDA:395,42,0,0
BRDA:395,42,1,0
BRDA:395,42,2,0
BRDA:402,43,0,0
BRDA:402,43,1,0
BRDA:402,44,0,0
BRDA:402,44,1,0
BRDA:426,45,0,0
BRDA:426,45,1,0
BRDA:427,46,0,0
BRDA:427,46,1,0
BRDA:430,47,0,0
BRDA:430,47,1,0
BRDA:441,48,0,0
BRDA:441,48,1,0
BRDA:468,49,0,0
BRDA:468,49,1,0
BRF:103
BRH:0
end_of_record
TN:
SF:controllers/sectionElectiveChoiceController.js
FN:10,(anonymous_0)
FN:42,(anonymous_1)
FN:65,(anonymous_2)
FN:93,(anonymous_3)
FN:121,(anonymous_4)
FN:146,(anonymous_5)
FN:177,(anonymous_6)
FN:214,(anonymous_7)
FN:237,(anonymous_8)
FN:240,(anonymous_9)
FN:267,(anonymous_10)
FN:314,(anonymous_11)
FN:342,(anonymous_12)
FN:366,(anonymous_13)
FN:367,(anonymous_14)
FNF:15
FNH:0
FNDA:0,(anonymous_0)
FNDA:0,(anonymous_1)
FNDA:0,(anonymous_2)
FNDA:0,(anonymous_3)
FNDA:0,(anonymous_4)
FNDA:0,(anonymous_5)
FNDA:0,(anonymous_6)
FNDA:0,(anonymous_7)
FNDA:0,(anonymous_8)
FNDA:0,(anonymous_9)
FNDA:0,(anonymous_10)
FNDA:0,(anonymous_11)
FNDA:0,(anonymous_12)
FNDA:0,(anonymous_13)
FNDA:0,(anonymous_14)
DA:1,0
DA:2,0
DA:3,0
DA:4,0
DA:5,0
DA:10,0
DA:11,0
DA:12,0
DA:13,0
DA:16,0
DA:17,0
DA:20,0
DA:27,0
DA:28,0
DA:34,0
DA:35,0
DA:36,0
DA:37,0
DA:42,0
DA:43,0
DA:46,0
DA:47,0
DA:52,0
DA:53,0
DA:60,0
DA:65,0
DA:73,0
DA:76,0
DA:83,0
DA:85,0
DA:86,0
DA:93,0
DA:94,0
DA:95,0
DA:96,0
DA:98,0
DA:99,0
DA:100,0
DA:101,0
DA:102,0
DA:104,0
DA:111,0
DA:113,0
DA:114,0
DA:121,0
DA:122,0
DA:123,0
DA:129,0
DA:130,0
DA:133,0
DA:135,0
DA:136,0
DA:137,0
DA:139,0
DA:146,0
DA:147,0
DA:148,0
DA:149,0
DA:152,0
DA:153,0
DA:155,0
DA:156,0
DA:160,0
DA:161,0
DA:167,0
DA:168,0
DA:169,0
DA:170,0
DA:171,0
DA:172,0
DA:177,0
DA:178,0
DA:181,0
DA:182,0
DA:190,0
DA:201,0
DA:203,0
DA:204,0
DA:205,0
DA:207,0
DA:214,0
DA:215,0
DA:216,0
DA:218,0
DA:219,0
DA:222,0
DA:223,0
DA:229,0
DA:230,0
DA:237,0
DA:239,0
DA:240,0
DA:241,0
DA:244,0
DA:245,0
DA:251,0
DA:252,0
DA:254,0
DA:256,0
DA:257,0
DA:258,0
DA:260,0
DA:267,0
DA:268,0
DA:269,0
DA:271,0
DA:273,0
DA:274,0
DA:277,0
DA:278,0
DA:283,0
DA:284,0
DA:285,0
DA:286,0
DA:287,0
DA:289,0
DA:290,0
DA:294,0
DA:295,0
DA:296,0
DA:297,0
DA:300,0
DA:301,0
DA:303,0
DA:304,0
DA:305,0
DA:307,0
DA:314,0
DA:315,0
DA:316,0
DA:318,0
DA:319,0
DA:322,0
DA:323,0
DA:328,0
DA:329,0
DA:331,0
DA:332,0
DA:333,0
DA:335,0
DA:342,0
DA:343,0
DA:344,0
DA:346,0
DA:347,0
DA:352,0
DA:360,0
DA:366,0
DA:367,0
DA:368,0
DA:369,0
DA:371,0
DA:372,0
DA:379,0
DA:380,0
DA:384,0
DA:386,0
DA:387,0
LF:158
LH:0
BRDA:12,0,0,0
BRDA:12,0,1,0
BRDA:27,1,0,0
BRDA:27,1,1,0
BRDA:36,2,0,0
BRDA:36,2,1,0
BRDA:46,3,0,0
BRDA:46,3,1,0
BRDA:52,4,0,0
BRDA:52,4,1,0
BRDA:98,5,0,0
BRDA:98,5,1,0
BRDA:99,6,0,0
BRDA:99,6,1,0
BRDA:100,7,0,0
BRDA:100,7,1,0
BRDA:101,8,0,0
BRDA:101,8,1,0
BRDA:102,9,0,0
BRDA:102,9,1,0
BRDA:129,10,0,0
BRDA:129,10,1,0
BRDA:136,11,0,0
BRDA:136,11,1,0
BRDA:148,12,0,0
BRDA:148,12,1,0
BRDA:155,13,0,0
BRDA:155,13,1,0
BRDA:160,14,0,0
BRDA:160,14,1,0
BRDA:167,15,0,0
BRDA:167,15,1,0
BRDA:169,16,0,0
BRDA:169,16,1,0
BRDA:169,17,0,0
BRDA:169,17,1,0
BRDA:171,18,0,0
BRDA:171,18,1,0
BRDA:181,19,0,0
BRDA:181,19,1,0
BRDA:181,20,0,0
BRDA:181,20,1,0
BRDA:204,21,0,0
BRDA:204,21,1,0
BRDA:218,22,0,0
BRDA:218,22,1,0
BRDA:222,23,0,0
BRDA:222,23,1,0
BRDA:244,24,0,0
BRDA:244,24,1,0
BRDA:257,25,0,0
BRDA:257,25,1,0
BRDA:273,26,0,0
BRDA:273,26,1,0
BRDA:277,27,0,0
BRDA:277,27,1,0
BRDA:283,28,0,0
BRDA:283,28,1,0
BRDA:289,29,0,0
BRDA:289,29,1,0
BRDA:304,30,0,0
BRDA:304,30,1,0
BRDA:318,31,0,0
BRDA:318,31,1,0
BRDA:322,32,0,0
BRDA:322,32,1,0
BRDA:332,33,0,0
BRDA:332,33,1,0
BRDA:346,34,0,0
BRDA:346,34,1,0
BRDA:346,35,0,0
BRDA:346,35,1,0
BRDA:346,35,2,0
BRDA:371,36,0,0
BRDA:371,36,1,0
BRF:75
BRH:0
end_of_record
TN:
SF:controllers/sessionController.js
FN:8,(anonymous_0)
FN:68,(anonymous_1)
FN:183,(anonymous_2)
FN:251,(anonymous_3)
FN:313,(anonymous_4)
FN:358,(anonymous_5)
FN:434,(anonymous_6)
FN:486,copyPreviousSession
FN:492,(anonymous_8)
FN:531,applyTemplate
FN:549,checkRoutineCompleteness
FN:568,(anonymous_11)
FN:569,(anonymous_12)
FN:588,calculateExpectedSlots
FN:599,(anonymous_14)
FN:649,(anonymous_15)
FN:674,(anonymous_16)
FN:710,(anonymous_17)
FN:744,(anonymous_18)
FN:783,(anonymous_19)
FN:822,(anonymous_20)
FN:836,(anonymous_21)
FN:861,(anonymous_22)
FN:872,(anonymous_23)
FN:899,(anonymous_24)
FN:971,(anonymous_25)
FN:1007,(anonymous_26)
FN:1038,(anonymous_27)
FN:1111,calculateTeacherWorkloadTrend
FN:1122,calculateRoomUtilizationTrend
FN:1133,calculateConflictTrend
FN:1146,identifyPopularTimeSlots
FN:1150,identifyTeacherPreferences
FN:1154,identifyResourceDemandTrends
FN:1158,identifyUnderutilizedSlots
FN:1163,(anonymous_35)
FN:1179,(anonymous_36)
FN:1208,(anonymous_37)
FN:1226,(anonymous_38)
FN:1272,(anonymous_39)
FN:1298,(anonymous_40)
FN:1299,(anonymous_41)
FN:1309,(anonymous_42)
FN:1315,(anonymous_43)
FN:1320,(anonymous_44)
FN:1333,(anonymous_45)
FN:1343,(anonymous_46)
FN:1351,(anonymous_47)
FN:1377,(anonymous_48)
FN:1387,(anonymous_49)
FNF:50
FNH:0
FNDA:0,(anonymous_0)
FNDA:0,(anonymous_1)
FNDA:0,(anonymous_2)
FNDA:0,(anonymous_3)
FNDA:0,(anonymous_4)
FNDA:0,(anonymous_5)
FNDA:0,(anonymous_6)
FNDA:0,copyPreviousSession
FNDA:0,(anonymous_8)
FNDA:0,applyTemplate
FNDA:0,checkRoutineCompleteness
FNDA:0,(anonymous_11)
FNDA:0,(anonymous_12)
FNDA:0,calculateExpectedSlots
FNDA:0,(anonymous_14)
FNDA:0,(anonymous_15)
FNDA:0,(anonymous_16)
FNDA:0,(anonymous_17)
FNDA:0,(anonymous_18)
FNDA:0,(anonymous_19)
FNDA:0,(anonymous_20)
FNDA:0,(anonymous_21)
FNDA:0,(anonymous_22)
FNDA:0,(anonymous_23)
FNDA:0,(anonymous_24)
FNDA:0,(anonymous_25)
FNDA:0,(anonymous_26)
FNDA:0,(anonymous_27)
FNDA:0,calculateTeacherWorkloadTrend
FNDA:0,calculateRoomUtilizationTrend
FNDA:0,calculateConflictTrend
FNDA:0,identifyPopularTimeSlots
FNDA:0,identifyTeacherPreferences
FNDA:0,identifyResourceDemandTrends
FNDA:0,identifyUnderutilizedSlots
FNDA:0,(anonymous_35)
FNDA:0,(anonymous_36)
FNDA:0,(anonymous_37)
FNDA:0,(anonymous_38)
FNDA:0,(anonymous_39)
FNDA:0,(anonymous_40)
FNDA:0,(anonymous_41)
FNDA:0,(anonymous_42)
FNDA:0,(anonymous_43)
FNDA:0,(anonymous_44)
FNDA:0,(anonymous_45)
FNDA:0,(anonymous_46)
FNDA:0,(anonymous_47)
FNDA:0,(anonymous_48)
FNDA:0,(anonymous_49)
DA:1,0
DA:2,0
DA:3,0
DA:4,0
DA:5,0
DA:8,0
DA:9,0
DA:11,0
DA:16,0
DA:21,0
DA:26,0
DA:34,0
DA:35,0
DA:36,0
DA:39,0
DA:40,0
DA:41,0
DA:44,0
DA:58,0
DA:59,0
DA:68,0
DA:69,0
DA:79,0
DA:82,0
DA:83,0
DA:84,0
DA:86,0
DA:87,0
DA:93,0
DA:94,0
DA:101,0
DA:111,0
DA:112,0
DA:120,0
DA:139,0
DA:142,0
DA:143,0
DA:147,0
DA:148,0
DA:151,0
DA:157,0
DA:164,0
DA:166,0
DA:167,0
DA:174,0
DA:183,0
DA:184,0
DA:185,0
DA:186,0
DA:188,0
DA:189,0
DA:190,0
DA:196,0
DA:197,0
DA:205,0
DA:206,0
DA:207,0
DA:216,0
DA:226,0
DA:227,0
DA:228,0
DA:229,0
DA:230,0
DA:232,0
DA:234,0
DA:241,0
DA:242,0
DA:251,0
DA:252,0
DA:253,0
DA:254,0
DA:256,0
DA:257,0
DA:258,0
DA:264,0
DA:265,0
DA:273,0
DA:276,0
DA:277,0
DA:278,0
DA:284,0
DA:287,0
DA:293,0
DA:295,0
DA:303,0
DA:304,0
DA:313,0
DA:314,0
DA:315,0
DA:316,0
DA:318,0
DA:319,0
DA:321,0
DA:322,0
DA:328,0
DA:329,0
DA:335,0
DA:341,0
DA:348,0
DA:349,0
DA:358,0
DA:359,0
DA:360,0
DA:361,0
DA:363,0
DA:364,0
DA:365,0
DA:371,0
DA:372,0
DA:378,0
DA:379,0
DA:382,0
DA:403,0
DA:404,0
DA:405,0
DA:408,0
DA:414,0
DA:416,0
DA:424,0
DA:425,0
DA:434,0
DA:435,0
DA:436,0
DA:437,0
DA:439,0
DA:440,0
DA:441,0
DA:447,0
DA:449,0
DA:450,0
DA:452,0
DA:458,0
DA:459,0
DA:463,0
DA:475,0
DA:476,0
DA:487,0
DA:492,0
DA:512,0
DA:516,0
DA:519,0
DA:524,0
DA:532,0
DA:533,0
DA:534,0
DA:537,0
DA:540,0
DA:546,0
DA:550,0
DA:551,0
DA:557,0
DA:558,0
DA:559,0
DA:562,0
DA:563,0
DA:564,0
DA:568,0
DA:569,0
DA:571,0
DA:572,0
DA:574,0
DA:575,0
DA:578,0
DA:590,0
DA:591,0
DA:592,0
DA:595,0
DA:599,0
DA:600,0
DA:609,0
DA:612,0
DA:613,0
DA:614,0
DA:615,0
DA:618,0
DA:619,0
DA:621,0
DA:630,0
DA:632,0
DA:643,0
DA:644,0
DA:649,0
DA:650,0
DA:651,0
DA:653,0
DA:659,0
DA:660,0
DA:663,0
DA:668,0
DA:669,0
DA:674,0
DA:675,0
DA:676,0
DA:677,0
DA:680,0
DA:681,0
DA:682,0
DA:686,0
DA:692,0
DA:698,0
DA:704,0
DA:705,0
DA:710,0
DA:711,0
DA:712,0
DA:713,0
DA:715,0
DA:716,0
DA:720,0
DA:721,0
DA:728,0
DA:731,0
DA:733,0
DA:738,0
DA:739,0
DA:744,0
DA:745,0
DA:746,0
DA:747,0
DA:749,0
DA:750,0
DA:751,0
DA:755,0
DA:756,0
DA:762,0
DA:763,0
DA:769,0
DA:771,0
DA:777,0
DA:778,0
DA:783,0
DA:784,0
DA:785,0
DA:786,0
DA:788,0
DA:789,0
DA:790,0
DA:794,0
DA:795,0
DA:801,0
DA:802,0
DA:803,0
DA:808,0
DA:810,0
DA:816,0
DA:817,0
DA:822,0
DA:823,0
DA:824,0
DA:826,0
DA:827,0
DA:828,0
DA:832,0
DA:835,0
DA:837,0
DA:842,0
DA:849,0
DA:855,0
DA:856,0
DA:861,0
DA:862,0
DA:863,0
DA:864,0
DA:866,0
DA:867,0
DA:868,0
DA:872,0
DA:873,0
DA:874,0
DA:878,0
DA:879,0
DA:885,0
DA:887,0
DA:893,0
DA:894,0
DA:899,0
DA:900,0
DA:901,0
DA:902,0
DA:905,0
DA:906,0
DA:907,0
DA:911,0
DA:912,0
DA:913,0
DA:917,0
DA:918,0
DA:925,0
DA:926,0
DA:927,0
DA:946,0
DA:947,0
DA:951,0
DA:952,0
DA:955,0
DA:956,0
DA:957,0
DA:959,0
DA:965,0
DA:966,0
DA:971,0
DA:972,0
DA:973,0
DA:974,0
DA:976,0
DA:977,0
DA:978,0
DA:982,0
DA:987,0
DA:988,0
DA:995,0
DA:1007,0
DA:1024,0
DA:1026,0
DA:1032,0
DA:1033,0
DA:1038,0
DA:1039,0
DA:1040,0
DA:1043,0
DA:1044,0
DA:1045,0
DA:1048,0
DA:1049,0
DA:1050,0
DA:1054,0
DA:1055,0
DA:1058,0
DA:1076,0
DA:1077,0
DA:1078,0
DA:1079,0
DA:1082,0
DA:1083,0
DA:1086,0
DA:1087,0
DA:1090,0
DA:1105,0
DA:1106,0
DA:1113,0
DA:1114,0
DA:1116,0
DA:1119,0
DA:1124,0
DA:1125,0
DA:1127,0
DA:1130,0
DA:1135,0
DA:1136,0
DA:1138,0
DA:1143,0
DA:1147,0
DA:1151,0
DA:1155,0
DA:1159,0
DA:1163,0
DA:1164,0
DA:1166,0
DA:1170,0
DA:1171,0
DA:1178,0
DA:1179,0
DA:1183,0
DA:1191,0
DA:1199,0
DA:1203,0
DA:1204,0
DA:1205,0
DA:1206,0
DA:1208,0
DA:1212,0
DA:1220,0
DA:1221,0
DA:1226,0
DA:1227,0
DA:1228,0
DA:1229,0
DA:1231,0
DA:1232,0
DA:1233,0
DA:1237,0
DA:1244,0
DA:1246,0
DA:1248,0
DA:1256,0
DA:1257,0
DA:1260,0
DA:1266,0
DA:1267,0
DA:1272,0
DA:1273,0
DA:1274,0
DA:1276,0
DA:1277,0
DA:1278,0
DA:1282,0
DA:1288,0
DA:1297,0
DA:1298,0
DA:1299,0
DA:1300,0
DA:1301,0
DA:1302,0
DA:1304,0
DA:1309,0
DA:1310,0
DA:1311,0
DA:1312,0
DA:1314,0
DA:1315,0
DA:1317,0
DA:1320,0
DA:1332,0
DA:1333,0
DA:1334,0
DA:1335,0
DA:1336,0
DA:1337,0
DA:1339,0
DA:1343,0
DA:1344,0
DA:1345,0
DA:1346,0
DA:1348,0
DA:1351,0
DA:1363,0
DA:1364,0
DA:1366,0
DA:1371,0
DA:1372,0
DA:1377,0
DA:1378,0
DA:1379,0
DA:1381,0
DA:1382,0
DA:1383,0
DA:1387,0
DA:1389,0
DA:1394,0
DA:1395,0
DA:1399,0
LF:441
LH:0
BRDA:35,0,0,0
BRDA:35,0,1,0
BRDA:47,1,0,0
BRDA:47,1,1,0
BRDA:86,2,0,0
BRDA:86,2,1,0
BRDA:93,3,0,0
BRDA:93,3,1,0
BRDA:111,4,0,0
BRDA:111,4,1,0
BRDA:128,5,0,0
BRDA:128,5,1,0
BRDA:142,6,0,0
BRDA:142,6,1,0
BRDA:142,7,0,0
BRDA:142,7,1,0
BRDA:147,8,0,0
BRDA:147,8,1,0
BRDA:147,9,0,0
BRDA:147,9,1,0
BRDA:166,10,0,0
BRDA:166,10,1,0
BRDA:189,11,0,0
BRDA:189,11,1,0
BRDA:196,12,0,0
BRDA:196,12,1,0
BRDA:206,13,0,0
BRDA:206,13,1,0
BRDA:257,14,0,0
BRDA:257,14,1,0
BRDA:264,15,0,0
BRDA:264,15,1,0
BRDA:288,16,0,0
BRDA:288,16,1,0
BRDA:316,17,0,0
BRDA:316,18,0,0
BRDA:316,19,0,0
BRDA:321,20,0,0
BRDA:321,20,1,0
BRDA:321,21,0,0
BRDA:321,21,1,0
BRDA:328,22,0,0
BRDA:328,22,1,0
BRDA:364,23,0,0
BRDA:364,23,1,0
BRDA:371,24,0,0
BRDA:371,24,1,0
BRDA:437,25,0,0
BRDA:440,26,0,0
BRDA:440,26,1,0
BRDA:450,27,0,0
BRDA:450,27,1,0
BRDA:454,28,0,0
BRDA:454,28,1,0
BRDA:458,29,0,0
BRDA:458,29,1,0
BRDA:486,30,0,0
BRDA:500,31,0,0
BRDA:500,31,1,0
BRDA:501,32,0,0
BRDA:501,32,1,0
BRDA:512,33,0,0
BRDA:512,33,1,0
BRDA:512,34,0,0
BRDA:512,34,1,0
BRDA:527,35,0,0
BRDA:527,35,1,0
BRDA:533,36,0,0
BRDA:533,36,1,0
BRDA:563,37,0,0
BRDA:563,37,1,0
BRDA:568,38,0,0
BRDA:568,38,1,0
BRDA:571,39,0,0
BRDA:571,39,1,0
BRDA:574,40,0,0
BRDA:574,40,1,0
BRDA:605,41,0,0
BRDA:606,42,0,0
BRDA:607,43,0,0
BRDA:608,44,0,0
BRDA:613,45,0,0
BRDA:613,45,1,0
BRDA:614,46,0,0
BRDA:614,46,1,0
BRDA:615,47,0,0
BRDA:615,47,1,0
BRDA:619,48,0,0
BRDA:619,48,1,0
BRDA:659,49,0,0
BRDA:659,49,1,0
BRDA:681,50,0,0
BRDA:681,50,1,0
BRDA:689,51,0,0
BRDA:689,51,1,0
BRDA:715,52,0,0
BRDA:715,52,1,0
BRDA:720,53,0,0
BRDA:720,53,1,0
BRDA:750,54,0,0
BRDA:750,54,1,0
BRDA:755,55,0,0
BRDA:755,55,1,0
BRDA:789,56,0,0
BRDA:789,56,1,0
BRDA:794,57,0,0
BRDA:794,57,1,0
BRDA:827,58,0,0
BRDA:827,58,1,0
BRDA:832,59,0,0
BRDA:832,59,1,0
BRDA:852,60,0,0
BRDA:852,60,1,0
BRDA:867,61,0,0
BRDA:867,61,1,0
BRDA:873,62,0,0
BRDA:873,62,1,0
BRDA:902,63,0,0
BRDA:906,64,0,0
BRDA:906,64,1,0
BRDA:912,65,0,0
BRDA:912,65,1,0
BRDA:917,66,0,0
BRDA:917,66,1,0
BRDA:977,67,0,0
BRDA:977,67,1,0
BRDA:987,68,0,0
BRDA:987,68,1,0
BRDA:998,69,0,0
BRDA:998,69,1,0
BRDA:1044,70,0,0
BRDA:1044,70,1,0
BRDA:1049,71,0,0
BRDA:1049,71,1,0
BRDA:1070,72,0,0
BRDA:1070,72,1,0
BRDA:1076,73,0,0
BRDA:1076,73,1,0
BRDA:1078,74,0,0
BRDA:1078,74,1,0
BRDA:1082,75,0,0
BRDA:1082,75,1,0
BRDA:1086,76,0,0
BRDA:1086,76,1,0
BRDA:1138,77,0,0
BRDA:1138,77,1,0
BRDA:1170,78,0,0
BRDA:1170,78,1,0
BRDA:1204,79,0,0
BRDA:1204,79,1,0
BRDA:1232,80,0,0
BRDA:1232,80,1,0
BRDA:1244,81,0,0
BRDA:1244,81,1,0
BRDA:1277,82,0,0
BRDA:1277,82,1,0
BRDA:1301,83,0,0
BRDA:1301,83,1,0
BRDA:1310,84,0,0
BRDA:1310,84,1,0
BRDA:1324,85,0,0
BRDA:1324,85,1,0
BRDA:1334,86,0,0
BRDA:1334,86,1,0
BRDA:1336,87,0,0
BRDA:1336,87,1,0
BRDA:1344,88,0,0
BRDA:1344,88,1,0
BRDA:1355,89,0,0
BRDA:1355,89,1,0
BRDA:1382,90,0,0
BRDA:1382,90,1,0
BRF:172
BRH:0
end_of_record
TN:
SF:controllers/subjectController.js
FN:7,(anonymous_0)
FN:29,(anonymous_1)
FN:57,(anonymous_2)
FN:161,(anonymous_3)
FN:174,(anonymous_4)
FN:190,(anonymous_5)
FN:203,(anonymous_6)
FN:224,(anonymous_7)
FN:256,(anonymous_8)
FN:279,(anonymous_9)
FN:308,(anonymous_10)
FN:324,(anonymous_11)
FN:325,(anonymous_12)
FN:342,(anonymous_13)
FN:360,(anonymous_14)
FN:388,(anonymous_15)
FN:392,(anonymous_16)
FN:402,(anonymous_17)
FN:405,(anonymous_18)
FN:415,(anonymous_19)
FN:453,(anonymous_20)
FN:469,(anonymous_21)
FNF:22
FNH:0
FNDA:0,(anonymous_0)
FNDA:0,(anonymous_1)
FNDA:0,(anonymous_2)
FNDA:0,(anonymous_3)
FNDA:0,(anonymous_4)
FNDA:0,(anonymous_5)
FNDA:0,(anonymous_6)
FNDA:0,(anonymous_7)
FNDA:0,(anonymous_8)
FNDA:0,(anonymous_9)
FNDA:0,(anonymous_10)
FNDA:0,(anonymous_11)
FNDA:0,(anonymous_12)
FNDA:0,(anonymous_13)
FNDA:0,(anonymous_14)
FNDA:0,(anonymous_15)
FNDA:0,(anonymous_16)
FNDA:0,(anonymous_17)
FNDA:0,(anonymous_18)
FNDA:0,(anonymous_19)
FNDA:0,(anonymous_20)
FNDA:0,(anonymous_21)
DA:1,0
DA:2,0
DA:7,0
DA:8,0
DA:9,0
DA:10,0
DA:13,0
DA:14,0
DA:15,0
DA:16,0
DA:18,0
DA:19,0
DA:20,0
DA:22,0
DA:29,0
DA:30,0
DA:34,0
DA:36,0
DA:37,0
DA:39,0
DA:41,0
DA:48,0
DA:49,0
DA:56,0
DA:57,0
DA:58,0
DA:59,0
DA:60,0
DA:61,0
DA:63,0
DA:64,0
DA:65,0
DA:68,0
DA:69,0
DA:77,0
DA:83,0
DA:84,0
DA:86,0
DA:88,0
DA:94,0
DA:95,0
DA:103,0
DA:104,0
DA:105,0
DA:108,0
DA:109,0
DA:118,0
DA:120,0
DA:122,0
DA:128,0
DA:130,0
DA:140,0
DA:149,0
DA:150,0
DA:161,0
DA:162,0
DA:163,0
DA:164,0
DA:166,0
DA:167,0
DA:174,0
DA:175,0
DA:177,0
DA:180,0
DA:182,0
DA:183,0
DA:190,0
DA:191,0
DA:192,0
DA:193,0
DA:195,0
DA:196,0
DA:203,0
DA:204,0
DA:205,0
DA:207,0
DA:208,0
DA:211,0
DA:213,0
DA:214,0
DA:215,0
DA:217,0
DA:224,0
DA:225,0
DA:226,0
DA:227,0
DA:230,0
DA:231,0
DA:233,0
DA:234,0
DA:237,0
DA:243,0
DA:245,0
DA:246,0
DA:247,0
DA:249,0
DA:256,0
DA:257,0
DA:258,0
DA:260,0
DA:261,0
DA:264,0
DA:266,0
DA:268,0
DA:269,0
DA:270,0
DA:272,0
DA:279,0
DA:280,0
DA:284,0
DA:286,0
DA:287,0
DA:289,0
DA:291,0
DA:298,0
DA:299,0
DA:306,0
DA:307,0
DA:308,0
DA:309,0
DA:310,0
DA:314,0
DA:315,0
DA:323,0
DA:324,0
DA:325,0
DA:327,0
DA:328,0
DA:336,0
DA:338,0
DA:342,0
DA:348,0
DA:349,0
DA:360,0
DA:361,0
DA:362,0
DA:365,0
DA:366,0
DA:367,0
DA:374,0
DA:378,0
DA:379,0
DA:387,0
DA:388,0
DA:391,0
DA:392,0
DA:395,0
DA:396,0
DA:397,0
DA:398,0
DA:401,0
DA:402,0
DA:403,0
DA:404,0
DA:405,0
DA:414,0
DA:415,0
DA:416,0
DA:419,0
DA:420,0
DA:429,0
DA:441,0
DA:442,0
DA:453,0
DA:454,0
DA:455,0
DA:459,0
DA:461,0
DA:462,0
DA:469,0
DA:470,0
DA:471,0
DA:473,0
DA:474,0
DA:477,0
DA:481,0
DA:483,0
DA:484,0
LF:178
LH:0
BRDA:9,0,0,0
BRDA:9,0,1,0
BRDA:19,1,0,0
BRDA:19,1,1,0
BRDA:34,2,0,0
BRDA:34,2,1,0
BRDA:37,3,0,0
BRDA:37,3,1,0
BRDA:37,4,0,0
BRDA:37,4,1,0
BRDA:48,5,0,0
BRDA:48,5,1,0
BRDA:58,6,0,0
BRDA:58,6,1,0
BRDA:59,7,0,0
BRDA:59,7,1,0
BRDA:60,8,0,0
BRDA:60,8,1,0
BRDA:60,9,0,0
BRDA:60,9,1,0
BRDA:63,10,0,0
BRDA:63,10,1,0
BRDA:64,11,0,0
BRDA:64,11,1,0
BRDA:65,12,0,0
BRDA:65,12,1,0
BRDA:68,13,0,0
BRDA:68,13,1,0
BRDA:94,14,0,0
BRDA:94,14,1,0
BRDA:120,15,0,0
BRDA:120,15,1,0
BRDA:128,16,0,0
BRDA:128,16,1,0
BRDA:207,17,0,0
BRDA:207,17,1,0
BRDA:214,18,0,0
BRDA:214,18,1,0
BRDA:226,19,0,0
BRDA:226,19,1,0
BRDA:233,20,0,0
BRDA:233,20,1,0
BRDA:246,21,0,0
BRDA:246,21,1,0
BRDA:260,22,0,0
BRDA:260,22,1,0
BRDA:269,23,0,0
BRDA:269,23,1,0
BRDA:284,24,0,0
BRDA:284,24,1,0
BRDA:287,25,0,0
BRDA:287,25,1,0
BRDA:287,26,0,0
BRDA:287,26,1,0
BRDA:298,27,0,0
BRDA:298,27,1,0
BRDA:309,28,0,0
BRDA:309,28,1,0
BRDA:314,29,0,0
BRDA:314,29,1,0
BRDA:327,30,0,0
BRDA:327,30,1,0
BRDA:366,31,0,0
BRDA:366,31,1,0
BRDA:378,32,0,0
BRDA:378,32,1,0
BRDA:401,33,0,0
BRDA:401,33,1,0
BRDA:473,34,0,0
BRDA:473,34,1,0
BRDA:473,35,0,0
BRDA:473,35,1,0
BRF:72
BRH:0
end_of_record
TN:
SF:controllers/teacherController.js
FN:9,(anonymous_0)
FN:54,(anonymous_1)
FN:113,(anonymous_2)
FN:176,(anonymous_3)
FN:201,(anonymous_4)
FN:225,(anonymous_5)
FN:280,(anonymous_6)
FN:328,(anonymous_7)
FN:357,(anonymous_8)
FN:373,(anonymous_9)
FN:374,(anonymous_10)
FN:417,(anonymous_11)
FN:431,(anonymous_12)
FN:454,(anonymous_13)
FN:525,(anonymous_14)
FN:541,(anonymous_15)
FN:563,(anonymous_16)
FN:629,(anonymous_17)
FN:636,(anonymous_18)
FN:637,(anonymous_19)
FN:714,(anonymous_20)
FN:746,(anonymous_21)
FN:774,(anonymous_22)
FN:796,(anonymous_23)
FN:817,(anonymous_24)
FN:842,(anonymous_25)
FN:856,(anonymous_26)
FN:857,(anonymous_27)
FN:877,(anonymous_28)
FN:900,(anonymous_29)
FN:926,(anonymous_30)
FN:927,(anonymous_31)
FN:974,(anonymous_32)
FN:984,(anonymous_33)
FN:1000,(anonymous_34)
FN:1001,(anonymous_35)
FN:1006,(anonymous_36)
FN:1035,(anonymous_37)
FN:1043,(anonymous_38)
FN:1044,(anonymous_39)
FN:1047,(anonymous_40)
FN:1048,(anonymous_41)
FN:1049,(anonymous_42)
FN:1084,(anonymous_43)
FN:1085,(anonymous_44)
FN:1093,(anonymous_45)
FN:1098,(anonymous_46)
FN:1122,getBestDaysFromGrid
FN:1126,(anonymous_48)
FN:1132,(anonymous_49)
FN:1134,(anonymous_50)
FN:1138,getBestTimesFromGrid
FN:1145,(anonymous_52)
FN:1151,(anonymous_53)
FN:1153,(anonymous_54)
FN:1157,getRecommendedDays
FN:1161,(anonymous_56)
FN:1169,(anonymous_57)
FN:1171,(anonymous_58)
FN:1179,getRecommendedTimes
FN:1186,(anonymous_60)
FN:1200,(anonymous_61)
FN:1205,getAlternativeOptions
FN:1220,(anonymous_63)
FN:1229,(anonymous_64)
FN:1239,(anonymous_65)
FNF:66
FNH:0
FNDA:0,(anonymous_0)
FNDA:0,(anonymous_1)
FNDA:0,(anonymous_2)
FNDA:0,(anonymous_3)
FNDA:0,(anonymous_4)
FNDA:0,(anonymous_5)
FNDA:0,(anonymous_6)
FNDA:0,(anonymous_7)
FNDA:0,(anonymous_8)
FNDA:0,(anonymous_9)
FNDA:0,(anonymous_10)
FNDA:0,(anonymous_11)
FNDA:0,(anonymous_12)
FNDA:0,(anonymous_13)
FNDA:0,(anonymous_14)
FNDA:0,(anonymous_15)
FNDA:0,(anonymous_16)
FNDA:0,(anonymous_17)
FNDA:0,(anonymous_18)
FNDA:0,(anonymous_19)
FNDA:0,(anonymous_20)
FNDA:0,(anonymous_21)
FNDA:0,(anonymous_22)
FNDA:0,(anonymous_23)
FNDA:0,(anonymous_24)
FNDA:0,(anonymous_25)
FNDA:0,(anonymous_26)
FNDA:0,(anonymous_27)
FNDA:0,(anonymous_28)
FNDA:0,(anonymous_29)
FNDA:0,(anonymous_30)
FNDA:0,(anonymous_31)
FNDA:0,(anonymous_32)
FNDA:0,(anonymous_33)
FNDA:0,(anonymous_34)
FNDA:0,(anonymous_35)
FNDA:0,(anonymous_36)
FNDA:0,(anonymous_37)
FNDA:0,(anonymous_38)
FNDA:0,(anonymous_39)
FNDA:0,(anonymous_40)
FNDA:0,(anonymous_41)
FNDA:0,(anonymous_42)
FNDA:0,(anonymous_43)
FNDA:0,(anonymous_44)
FNDA:0,(anonymous_45)
FNDA:0,(anonymous_46)
FNDA:0,getBestDaysFromGrid
FNDA:0,(anonymous_48)
FNDA:0,(anonymous_49)
FNDA:0,(anonymous_50)
FNDA:0,getBestTimesFromGrid
FNDA:0,(anonymous_52)
FNDA:0,(anonymous_53)
FNDA:0,(anonymous_54)
FNDA:0,getRecommendedDays
FNDA:0,(anonymous_56)
FNDA:0,(anonymous_57)
FNDA:0,(anonymous_58)
FNDA:0,getRecommendedTimes
FNDA:0,(anonymous_60)
FNDA:0,(anonymous_61)
FNDA:0,getAlternativeOptions
FNDA:0,(anonymous_63)
FNDA:0,(anonymous_64)
FNDA:0,(anonymous_65)
DA:1,0
DA:2,0
DA:3,0
DA:4,0
DA:9,0
DA:10,0
DA:11,0
DA:12,0
DA:15,0
DA:17,0
DA:18,0
DA:23,0
DA:24,0
DA:30,0
DA:31,0
DA:34,0
DA:36,0
DA:38,0
DA:39,0
DA:40,0
DA:41,0
DA:43,0
DA:44,0
DA:47,0
DA:54,0
DA:55,0
DA:59,0
DA:60,0
DA:61,0
DA:62,0
DA:64,0
DA:70,0
DA:71,0
DA:78,0
DA:79,0
DA:81,0
DA:82,0
DA:83,0
DA:86,0
DA:87,0
DA:89,0
DA:90,0
DA:92,0
DA:93,0
DA:97,0
DA:98,0
DA:102,0
DA:103,0
DA:108,0
DA:109,0
DA:113,0
DA:114,0
DA:118,0
DA:119,0
DA:127,0
DA:128,0
DA:130,0
DA:131,0
DA:132,0
DA:133,0
DA:134,0
DA:135,0
DA:137,0
DA:138,0
DA:139,0
DA:140,0
DA:141,0
DA:142,0
DA:144,0
DA:147,0
DA:149,0
DA:153,0
DA:162,0
DA:163,0
DA:176,0
DA:177,0
DA:178,0
DA:179,0
DA:181,0
DA:182,0
DA:183,0
DA:184,0
DA:186,0
DA:191,0
DA:193,0
DA:194,0
DA:201,0
DA:202,0
DA:203,0
DA:208,0
DA:209,0
DA:212,0
DA:214,0
DA:215,0
DA:216,0
DA:218,0
DA:225,0
DA:226,0
DA:227,0
DA:228,0
DA:231,0
DA:232,0
DA:234,0
DA:235,0
DA:239,0
DA:240,0
DA:245,0
DA:246,0
DA:252,0
DA:259,0
DA:261,0
DA:262,0
DA:263,0
DA:265,0
DA:266,0
DA:267,0
DA:269,0
DA:270,0
DA:273,0
DA:280,0
DA:281,0
DA:282,0
DA:284,0
DA:285,0
DA:289,0
DA:290,0
DA:295,0
DA:296,0
DA:302,0
DA:303,0
DA:305,0
DA:306,0
DA:312,0
DA:313,0
DA:315,0
DA:317,0
DA:318,0
DA:319,0
DA:321,0
DA:328,0
DA:329,0
DA:333,0
DA:335,0
DA:336,0
DA:338,0
DA:340,0
DA:347,0
DA:348,0
DA:355,0
DA:356,0
DA:357,0
DA:358,0
DA:359,0
DA:363,0
DA:364,0
DA:372,0
DA:373,0
DA:374,0
DA:376,0
DA:377,0
DA:385,0
DA:386,0
DA:387,0
DA:389,0
DA:391,0
DA:397,0
DA:399,0
DA:400,0
DA:405,0
DA:406,0
DA:412,0
DA:417,0
DA:418,0
DA:420,0
DA:421,0
DA:427,0
DA:431,0
DA:442,0
DA:443,0
DA:454,0
DA:455,0
DA:456,0
DA:459,0
DA:460,0
DA:461,0
DA:468,0
DA:469,0
DA:470,0
DA:478,0
DA:483,0
DA:484,0
DA:492,0
DA:493,0
DA:495,0
DA:497,0
DA:503,0
DA:505,0
DA:506,0
DA:511,0
DA:512,0
DA:518,0
DA:523,0
DA:524,0
DA:525,0
DA:526,0
DA:530,0
DA:533,0
DA:541,0
DA:551,0
DA:552,0
DA:563,0
DA:564,0
DA:565,0
DA:567,0
DA:568,0
DA:569,0
DA:574,0
DA:575,0
DA:576,0
DA:578,0
DA:579,0
[...]
DA:71,0
DA:73,0
LF:13
LH:0
BRF:0
BRH:0
end_of_record
TN:
SF:routes/electiveGroups.js
FNF:0
FNH:0
DA:1,0
DA:2,0
DA:3,0
DA:4,0
DA:5,0
DA:8,0
DA:42,0
DA:47,0
DA:52,0
DA:57,0
DA:62,0
DA:67,0
DA:72,0
DA:87,0
DA:89,0
LF:15
LH:0
BRF:0
BRH:0
end_of_record
TN:
SF:routes/health.js
FN:7,(anonymous_0)
FNF:1
FNH:0
FNDA:0,(anonymous_0)
DA:1,0
DA:2,0
DA:7,0
DA:8,0
DA:23,0
LF:5
LH:0
BRF:0
BRH:0
end_of_record
TN:
SF:routes/labGroups.js
FNF:0
FNH:0
DA:1,0
DA:2,0
DA:3,0
DA:4,0
DA:5,0
DA:8,0
DA:45,0
DA:50,0
DA:55,0
DA:60,0
DA:65,0
DA:70,0
DA:84,0
LF:13
LH:0
BRF:0
BRH:0
end_of_record
TN:
SF:routes/pdf.js
FNF:0
FNH:0
DA:1,0
DA:2,0
DA:3,0
DA:19,0
DA:31,0
DA:40,0
DA:52,0
DA:61,0
DA:63,0
LF:9
LH:0
BRF:0
BRH:0
end_of_record
TN:
SF:routes/programSemesters.js
FNF:0
FNH:0
DA:1,0
DA:2,0
DA:3,0
DA:4,0
DA:11,0
DA:16,0
DA:21,0
DA:26,0
DA:40,0
DA:52,0
DA:54,0
LF:11
LH:0
BRF:0
BRH:0
end_of_record
TN:
SF:routes/programs.js
FNF:0
FNH:0
DA:1,0
DA:2,0
DA:3,0
DA:4,0
DA:5,0
DA:53,0
DA:78,0
DA:100,0
DA:137,0
DA:159,0
DA:161,0
LF:11
LH:0
BRF:0
BRH:0
end_of_record
TN:
SF:routes/rooms.js
FNF:0
FNH:0
DA:1,0
DA:2,0
DA:3,0
DA:4,0
DA:13,0
DA:26,0
DA:46,0
DA:81,0
DA:118,0
DA:171,0
DA:194,0
DA:225,0
DA:227,0
LF:13
LH:0
BRF:0
BRH:0
end_of_record
TN:
SF:routes/routine.js
FN:9,(anonymous_0)
FN:19,(anonymous_1)
FN:76,(anonymous_2)
FN:82,(anonymous_3)
FN:88,(anonymous_4)
FN:110,(anonymous_5)
FN:125,(anonymous_6)
FN:134,(anonymous_7)
FN:143,(anonymous_8)
FN:195,(anonymous_9)
FNF:10
FNH:0
FNDA:0,(anonymous_0)
FNDA:0,(anonymous_1)
FNDA:0,(anonymous_2)
FNDA:0,(anonymous_3)
FNDA:0,(anonymous_4)
FNDA:0,(anonymous_5)
FNDA:0,(anonymous_6)
FNDA:0,(anonymous_7)
FNDA:0,(anonymous_8)
FNDA:0,(anonymous_9)
DA:1,0
DA:2,0
DA:3,0
DA:4,0
DA:7,0
DA:10,0
DA:15,0
DA:16,0
DA:18,0
DA:19,0
DA:20,0
DA:22,0
DA:59,0
DA:60,0
DA:61,0
DA:62,0
DA:67,0
DA:70,0
DA:77,0
DA:78,0
DA:80,0
DA:83,0
DA:84,0
DA:86,0
DA:89,0
DA:90,0
DA:92,0
DA:97,0
DA:107,0
DA:112,0
DA:113,0
DA:115,0
DA:116,0
DA:118,0
DA:126,0
DA:127,0
DA:129,0
DA:130,0
DA:132,0
DA:135,0
DA:136,0
DA:138,0
DA:139,0
DA:141,0
DA:144,0
DA:145,0
DA:147,0
DA:148,0
DA:150,0
DA:167,0
DA:173,0
DA:189,0
DA:197,0
DA:198,0
DA:200,0
DA:201,0
DA:203,0
DA:215,0
DA:222,0
DA:237,0
DA:242,0
DA:247,0
DA:252,0
DA:257,0
DA:262,0
DA:267,0
DA:272,0
DA:277,0
DA:282,0
DA:287,0
DA:296,0
DA:301,0
DA:310,0
DA:315,0
DA:320,0
DA:325,0
DA:333,0
DA:341,0
DA:349,0
DA:354,0
DA:362,0
DA:370,0
DA:432,0
DA:441,0
DA:450,0
DA:459,0
DA:464,0
DA:472,0
LF:88
LH:0
BRDA:18,0,0,0
BRDA:18,0,1,0
BRDA:18,1,0,0
BRDA:18,1,1,0
BRDA:77,2,0,0
BRDA:77,2,1,0
BRDA:77,3,0,0
BRDA:77,3,1,0
BRDA:83,4,0,0
BRDA:83,4,1,0
BRDA:83,5,0,0
BRDA:83,5,1,0
BRDA:83,5,2,0
BRDA:89,6,0,0
BRDA:89,6,1,0
BRDA:89,7,0,0
BRDA:89,7,1,0
BRDA:112,8,0,0
BRDA:112,8,1,0
BRDA:112,9,0,0
BRDA:112,9,1,0
BRDA:112,9,2,0
BRDA:115,10,0,0
BRDA:115,10,1,0
BRDA:115,11,0,0
BRDA:115,11,1,0
BRDA:126,12,0,0
BRDA:126,12,1,0
BRDA:129,13,0,0
BRDA:129,13,1,0
BRDA:135,14,0,0
BRDA:135,14,1,0
BRDA:138,15,0,0
BRDA:138,15,1,0
BRDA:138,16,0,0
BRDA:138,16,1,0
BRDA:144,17,0,0
BRDA:144,17,1,0
BRDA:147,18,0,0
BRDA:147,18,1,0
BRDA:197,19,0,0
BRDA:197,19,1,0
BRDA:197,20,0,0
BRDA:197,20,1,0
BRDA:197,20,2,0
BRDA:200,21,0,0
BRDA:200,21,1,0
BRDA:200,22,0,0
BRDA:200,22,1,0
BRF:49
BRH:0
end_of_record
TN:
SF:routes/routineSlots.js
FNF:0
FNH:0
DA:1,0
DA:2,0
DA:3,0
DA:4,0
DA:5,0
DA:8,0
DA:58,0
DA:63,0
DA:68,0
DA:73,0
DA:78,0
DA:83,0
DA:88,0
DA:93,0
DA:98,0
DA:100,0
LF:16
LH:0
BRF:0
BRH:0
end_of_record
TN:
SF:routes/sectionElectiveChoices.js
FNF:0
FNH:0
DA:1,0
DA:2,0
DA:3,0
DA:4,0
DA:14,0
DA:17,0
DA:29,0
DA:37,0
DA:42,0
DA:47,0
DA:52,0
DA:57,0
DA:62,0
DA:67,0
DA:72,0
DA:74,0
LF:16
LH:0
BRF:0
BRH:0
end_of_record
TN:
SF:routes/sessions.js
FNF:0
FNH:0
DA:1,0
DA:2,0
DA:26,0
DA:28,0
DA:31,0
DA:32,0
DA:35,0
DA:38,0
DA:39,0
DA:40,0
DA:41,0
DA:42,0
DA:45,0
DA:46,0
DA:47,0
DA:48,0
DA:51,0
DA:52,0
DA:53,0
DA:54,0
DA:57,0
DA:58,0
DA:61,0
DA:62,0
DA:63,0
DA:66,0
DA:67,0
DA:68,0
DA:70,0
LF:29
LH:0
BRF:0
BRH:0
end_of_record
TN:
SF:routes/subjects.js
FNF:0
FNH:0
DA:1,0
DA:2,0
DA:16,0
DA:17,0
DA:18,0
DA:76,0
DA:159,0
DA:170,0
DA:184,0
DA:204,0
DA:224,0
DA:238,0
DA:263,0
DA:285,0
DA:342,0
DA:379,0
DA:404,0
DA:426,0
DA:428,0
LF:19
LH:0
BRF:0
BRH:0
end_of_record
TN:
SF:routes/teachers.js
FNF:0
FNH:0
DA:1,0
DA:2,0
DA:3,0
DA:4,0
DA:5,0
DA:6,0
DA:46,0
DA:195,0
DA:259,0
DA:279,0
DA:301,0
DA:340,0
DA:382,0
DA:407,0
DA:423,0
DA:460,0
DA:482,0
DA:516,0
DA:545,0
DA:547,0
LF:20
LH:0
BRF:0
BRH:0
end_of_record
TN:
SF:routes/templates.js
FNF:0
FNH:0
DA:1,0
DA:2,0
DA:10,0
DA:12,0
DA:15,0
DA:16,0
DA:19,0
DA:20,0
DA:21,0
DA:22,0
DA:23,0
DA:26,0
DA:28,0
LF:13
LH:0
BRF:0
BRH:0
end_of_record
TN:
SF:routes/timeSlots.js
FNF:0
FNH:0
DA:1,0
DA:2,0
DA:3,0
DA:4,0
DA:5,0
DA:8,0
DA:44,0
DA:49,0
DA:54,0
DA:59,0
DA:64,0
DA:69,0
DA:74,0
DA:79,0
DA:81,0
LF:15
LH:0
BRF:0
BRH:0
end_of_record
TN:
SF:routes/timeslots.js
FN:10,(anonymous_0)
FNF:1
FNH:0
FNDA:0,(anonymous_0)
DA:6,0
DA:7,0
DA:10,0
DA:11,0
DA:12,0
DA:15,0
LF:6
LH:0
BRF:0
BRH:0
end_of_record
TN:
SF:routes/users.js
FNF:0
FNH:0
DA:1,0
DA:2,0
DA:3,0
DA:4,0
DA:5,0
DA:45,0
DA:71,0
DA:93,0
DA:115,0
DA:117,0
LF:10
LH:0
BRF:0
BRH:0
end_of_record
TN:
SF:utils/conflictDetection.js
FN:4,(anonymous_0)
FN:10,(anonymous_1)
FN:23,checkTeacherAvailability
FN:43,(anonymous_3)
FN:52,(anonymous_4)
FN:58,(anonymous_5)
FN:59,(anonymous_6)
FN:81,checkRoomAvailability
FN:101,(anonymous_8)
FN:119,(anonymous_9)
FN:137,checkScheduleConflicts
FN:164,getTeacherScheduleConflicts
FN:176,(anonymous_12)
FN:186,(anonymous_13)
FN:191,(anonymous_14)
FN:201,(anonymous_15)
FN:231,getAvailableTeachers
FN:245,(anonymous_17)
FN:248,(anonymous_18)
FN:255,(anonymous_19)
FN:258,(anonymous_20)
FN:261,(anonymous_21)
FN:276,getAvailableRooms
FN:290,(anonymous_23)
FN:300,(anonymous_24)
FN:303,(anonymous_25)
FN:306,(anonymous_26)
FNF:27
FNH:0
FNDA:0,(anonymous_0)
FNDA:0,(anonymous_1)
FNDA:0,checkTeacherAvailability
FNDA:0,(anonymous_3)
FNDA:0,(anonymous_4)
FNDA:0,(anonymous_5)
FNDA:0,(anonymous_6)
FNDA:0,checkRoomAvailability
FNDA:0,(anonymous_8)
FNDA:0,(anonymous_9)
FNDA:0,checkScheduleConflicts
FNDA:0,getTeacherScheduleConflicts
FNDA:0,(anonymous_12)
FNDA:0,(anonymous_13)
FNDA:0,(anonymous_14)
FNDA:0,(anonymous_15)
FNDA:0,getAvailableTeachers
FNDA:0,(anonymous_17)
FNDA:0,(anonymous_18)
FNDA:0,(anonymous_19)
FNDA:0,(anonymous_20)
FNDA:0,(anonymous_21)
FNDA:0,getAvailableRooms
FNDA:0,(anonymous_23)
FNDA:0,(anonymous_24)
FNDA:0,(anonymous_25)
FNDA:0,(anonymous_26)
DA:1,0
DA:4,0
DA:6,0
DA:10,0
DA:11,0
DA:24,0
DA:25,0
DA:31,0
DA:32,0
DA:35,0
DA:41,0
DA:42,0
DA:43,0
DA:44,0
DA:47,0
DA:50,0
DA:52,0
DA:59,0
DA:67,0
DA:68,0
DA:82,0
DA:83,0
DA:89,0
DA:90,0
DA:93,0
DA:99,0
DA:100,0
DA:101,0
DA:102,0
DA:104,0
DA:106,0
DA:108,0
DA:111,0
DA:119,0
DA:126,0
DA:127,0
DA:138,0
DA:140,0
DA:142,0
DA:145,0
DA:147,0
DA:153,0
DA:154,0
DA:165,0
DA:166,0
DA:174,0
DA:176,0
DA:177,0
DA:178,0
DA:179,0
DA:181,0
DA:185,0
DA:186,0
DA:187,0
DA:189,0
DA:190,0
DA:191,0
DA:192,0
DA:196,0
DA:197,0
DA:201,0
DA:216,0
DA:218,0
DA:219,0
DA:232,0
DA:233,0
DA:236,0
DA:239,0
DA:244,0
DA:245,0
DA:247,0
DA:248,0
DA:249,0
DA:255,0
DA:256,0
DA:257,0
DA:258,0
DA:261,0
DA:263,0
DA:264,0
DA:277,0
DA:278,0
DA:281,0
DA:284,0
DA:289,0
DA:290,0
DA:291,0
DA:293,0
DA:294,0
DA:300,0
DA:301,0
DA:302,0
DA:303,0
DA:306,0
DA:308,0
DA:309,0
DA:313,0
LF:97
LH:0
BRDA:11,0,0,0
BRDA:11,0,1,0
BRDA:23,1,0,0
BRDA:23,2,0,0
BRDA:31,3,0,0
BRDA:31,3,1,0
BRDA:42,4,0,0
BRDA:42,4,1,0
BRDA:57,5,0,0
BRDA:57,5,1,0
BRDA:61,6,0,0
BRDA:61,6,1,0
BRDA:81,7,0,0
BRDA:81,8,0,0
BRDA:89,9,0,0
BRDA:89,9,1,0
BRDA:100,10,0,0
BRDA:100,10,1,0
BRDA:104,11,0,0
BRDA:104,11,1,0
BRDA:108,12,0,0
BRDA:108,12,1,0
BRDA:113,13,0,0
BRDA:113,13,1,0
BRDA:118,14,0,0
BRDA:118,14,1,0
BRDA:120,15,0,0
BRDA:120,15,1,0
BRDA:137,16,0,0
BRDA:148,17,0,0
BRDA:148,17,1,0
BRDA:164,18,0,0
BRDA:178,19,0,0
BRDA:178,19,1,0
BRDA:187,20,0,0
BRDA:187,20,1,0
BRDA:190,21,0,0
BRDA:190,21,1,0
BRDA:196,22,0,0
BRDA:196,22,1,0
BRDA:200,23,0,0
BRDA:200,23,1,0
BRDA:206,24,0,0
BRDA:206,24,1,0
BRDA:207,25,0,0
BRDA:207,25,1,0
BRDA:231,26,0,0
BRDA:231,27,0,0
BRDA:247,28,0,0
BRDA:247,28,1,0
BRDA:247,29,0,0
BRDA:247,29,1,0
BRDA:257,30,0,0
BRDA:257,30,1,0
BRDA:276,31,0,0
BRDA:276,32,0,0
BRDA:291,33,0,0
BRDA:291,33,1,0
BRDA:293,34,0,0
BRDA:293,34,1,0
BRDA:293,35,0,0
BRDA:293,35,1,0
BRDA:302,36,0,0
BRDA:302,36,1,0
BRF:64
BRH:0
end_of_record
TN:
SF:utils/dynamicTimeCalculation.js
FNF:0
FNH:0
LF:0
LH:0
BRF:0
BRH:0
end_of_record
TN:
SF:utils/responseUtils.js
FN:9,formatResponse
FN:22,formatErrorResponse
FN:35,handleError
FN:56,getPaginationOptions
FN:67,formatPaginationMeta
FNF:5
FNH:0
FNDA:0,formatResponse
FNDA:0,formatErrorResponse
FNDA:0,handleError
FNDA:0,getPaginationOptions
FNDA:0,formatPaginationMeta
DA:10,0
DA:23,0
DA:36,0
DA:38,0
DA:39,0
DA:42,0
DA:43,0
DA:46,0
DA:47,0
DA:50,0
DA:57,0
DA:58,0
DA:59,0
DA:61,0
DA:68,0
DA:70,0
DA:80,0
LF:17
LH:0
BRDA:9,0,0,0
BRDA:9,1,0,0
BRDA:22,2,0,0
BRDA:22,3,0,0
BRDA:27,4,0,0
BRDA:27,4,1,0
BRDA:38,5,0,0
BRDA:38,5,1,0
BRDA:42,6,0,0
BRDA:42,6,1,0
BRDA:42,7,0,0
BRDA:42,7,1,0
BRDA:46,8,0,0
BRDA:46,8,1,0
BRDA:57,9,0,0
BRDA:57,9,1,0
BRDA:58,10,0,0
BRDA:58,10,1,0
BRF:18
BRH:0
end_of_record
TN:
SF:utils/roomPdfGeneration.js
FN:9,(anonymous_0)
FN:18,(anonymous_1)
FN:25,(anonymous_2)
FN:32,(anonymous_3)
FN:45,(anonymous_4)
FN:63,(anonymous_5)
FN:80,(anonymous_6)
FN:85,(anonymous_7)
FN:158,(anonymous_8)
FN:163,(anonymous_9)
FN:168,(anonymous_10)
FN:177,(anonymous_11)
FN:204,(anonymous_12)
FN:214,(anonymous_13)
FN:234,(anonymous_14)
FN:308,(anonymous_15)
FNF:16
FNH:0
FNDA:0,(anonymous_0)
FNDA:0,(anonymous_1)
FNDA:0,(anonymous_2)
FNDA:0,(anonymous_3)
FNDA:0,(anonymous_4)
FNDA:0,(anonymous_5)
FNDA:0,(anonymous_6)
FNDA:0,(anonymous_7)
FNDA:0,(anonymous_8)
FNDA:0,(anonymous_9)
FNDA:0,(anonymous_10)
FNDA:0,(anonymous_11)
FNDA:0,(anonymous_12)
FNDA:0,(anonymous_13)
FNDA:0,(anonymous_14)
FNDA:0,(anonymous_15)
DA:1,0
DA:2,0
DA:10,0
DA:12,0
DA:13,0
DA:14,0
DA:19,0
DA:20,0
DA:22,0
DA:26,0
DA:27,0
DA:29,0
DA:33,0
DA:34,0
DA:36,0
DA:46,0
DA:47,0
DA:49,0
DA:54,0
DA:55,0
DA:58,0
DA:61,0
DA:63,0
DA:64,0
DA:65,0
DA:69,0
DA:71,0
DA:74,0
DA:78,0
DA:80,0
DA:81,0
DA:82,0
DA:85,0
DA:94,0
DA:105,0
DA:108,0
DA:109,0
DA:111,0
DA:115,0
DA:123,0
DA:126,0
DA:133,0
DA:136,0
DA:139,0
DA:142,0
DA:144,0
DA:145,0
DA:148,0
DA:149,0
DA:159,0
DA:160,0
DA:163,0
DA:164,0
DA:165,0
DA:168,0
DA:169,0
DA:171,0
DA:173,0
DA:175,0
DA:177,0
DA:186,0
DA:196,0
DA:197,0
DA:205,0
DA:206,0
DA:215,0
DA:216,0
DA:219,0
DA:222,0
DA:223,0
DA:226,0
DA:228,0
DA:229,0
DA:232,0
DA:234,0
DA:235,0
DA:236,0
DA:239,0
DA:240,0
DA:241,0
DA:244,0
DA:245,0
DA:247,0
DA:250,0
DA:262,0
DA:263,0
DA:266,0
DA:274,0
DA:275,0
DA:281,0
DA:282,0
DA:283,0
DA:286,0
DA:292,0
DA:294,0
DA:295,0
DA:298,0
DA:299,0
DA:309,0
DA:311,0
DA:320,0
LF:101
LH:0
BRDA:19,0,0,0
BRDA:19,0,1,0
BRDA:26,1,0,0
BRDA:26,1,1,0
BRDA:33,2,0,0
BRDA:33,2,1,0
BRDA:45,3,0,0
BRDA:54,4,0,0
BRDA:54,4,1,0
BRDA:54,5,0,0
BRDA:54,5,1,0
BRDA:63,6,0,0
BRDA:63,6,1,0
BRDA:63,7,0,0
BRDA:63,7,1,0
BRDA:80,8,0,0
BRDA:80,8,1,0
BRDA:80,9,0,0
BRDA:80,9,1,0
BRDA:117,10,0,0
BRDA:117,10,1,0
BRDA:119,11,0,0
BRDA:119,11,1,0
BRDA:171,12,0,0
BRDA:171,12,1,0
BRDA:173,13,0,0
BRDA:173,13,1,0
BRDA:180,14,0,0
BRDA:180,14,1,0
BRDA:189,15,0,0
BRDA:189,15,1,0
BRDA:204,16,0,0
BRDA:214,17,0,0
BRDA:222,18,0,0
BRDA:222,18,1,0
BRDA:234,19,0,0
BRDA:234,19,1,0
BRDA:234,20,0,0
BRDA:234,20,1,0
BRDA:244,21,0,0
BRDA:244,21,1,0
BRDA:268,22,0,0
BRDA:268,22,1,0
BRDA:270,23,0,0
BRDA:270,23,1,0
BRDA:315,24,0,0
BRDA:315,24,1,0
BRF:47
BRH:0
end_of_record
TN:
SF:utils/routineDataProcessor.js
FN:10,(anonymous_0)
FN:19,(anonymous_1)
FN:50,(anonymous_2)
FN:60,(anonymous_3)
FN:61,(anonymous_4)
FN:68,(anonymous_5)
FN:69,(anonymous_6)
FN:70,(anonymous_7)
FN:125,(anonymous_8)
FN:128,(anonymous_9)
FN:132,(anonymous_10)
FN:138,(anonymous_11)
FN:145,(anonymous_12)
FN:157,(anonymous_13)
FN:158,(anonymous_14)
FN:160,(anonymous_15)
FN:161,(anonymous_16)
FN:165,(anonymous_17)
FN:166,(anonymous_18)
FN:167,(anonymous_19)
FNF:20
FNH:0
FNDA:0,(anonymous_0)
FNDA:0,(anonymous_1)
FNDA:0,(anonymous_2)
FNDA:0,(anonymous_3)
FNDA:0,(anonymous_4)
FNDA:0,(anonymous_5)
FNDA:0,(anonymous_6)
FNDA:0,(anonymous_7)
FNDA:0,(anonymous_8)
FNDA:0,(anonymous_9)
FNDA:0,(anonymous_10)
FNDA:0,(anonymous_11)
FNDA:0,(anonymous_12)
FNDA:0,(anonymous_13)
FNDA:0,(anonymous_14)
FNDA:0,(anonymous_15)
FNDA:0,(anonymous_16)
FNDA:0,(anonymous_17)
FNDA:0,(anonymous_18)
FNDA:0,(anonymous_19)
DA:10,0
DA:11,0
DA:14,0
DA:15,0
DA:16,0
DA:19,0
DA:20,0
DA:21,0
DA:24,0
DA:27,0
DA:29,0
DA:31,0
DA:33,0
DA:36,0
DA:40,0
DA:44,0
DA:50,0
DA:51,0
DA:53,0
DA:60,0
DA:61,0
DA:68,0
DA:70,0
DA:125,0
DA:126,0
DA:128,0
DA:129,0
DA:130,0
DA:132,0
DA:133,0
DA:135,0
DA:138,0
DA:139,0
DA:140,0
DA:141,0
DA:145,0
DA:153,0
DA:157,0
DA:158,0
DA:160,0
DA:161,0
DA:165,0
DA:166,0
DA:167,0
DA:173,0
DA:178,0
DA:181,0
LF:47
LH:0
BRDA:10,0,0,0
BRDA:11,1,0,0
BRDA:11,2,0,0
BRDA:11,3,0,0
BRDA:20,4,0,0
BRDA:20,4,1,0
BRDA:27,5,0,0
BRDA:27,5,1,0
BRDA:31,6,0,0
BRDA:31,6,1,0
BRDA:50,7,0,0
BRDA:56,8,0,0
BRDA:56,8,1,0
BRDA:57,9,0,0
BRDA:57,9,1,0
BRDA:60,10,0,0
BRDA:60,10,1,0
BRDA:61,11,0,0
BRDA:61,11,1,0
BRDA:69,12,0,0
BRDA:69,12,1,0
BRDA:70,13,0,0
BRDA:70,13,1,0
BRDA:74,14,0,0
BRDA:74,14,1,0
BRDA:89,15,0,0
BRDA:89,15,1,0
BRDA:90,16,0,0
BRDA:90,16,1,0
BRDA:91,17,0,0
BRDA:91,17,1,0
BRDA:92,18,0,0
BRDA:92,18,1,0
BRDA:93,19,0,0
BRDA:93,19,1,0
BRDA:99,20,0,0
BRDA:99,20,1,0
BRDA:100,21,0,0
BRDA:100,21,1,0
BRDA:100,22,0,0
BRDA:100,22,1,0
BRDA:103,23,0,0
BRDA:103,23,1,0
BRDA:111,24,0,0
BRDA:111,24,1,0
BRDA:135,25,0,0
BRDA:135,25,1,0
BRDA:135,26,0,0
BRDA:135,26,1,0
BRDA:139,27,0,0
BRDA:139,27,1,0
BRDA:140,28,0,0
BRDA:140,28,1,0
BRDA:148,29,0,0
BRDA:148,29,1,0
BRDA:150,30,0,0
BRDA:150,30,1,0
BRDA:150,31,0,0
BRDA:150,31,1,0
BRDA:157,32,0,0
BRDA:157,32,1,0
BRDA:169,33,0,0
BRDA:169,33,1,0
BRDA:173,34,0,0
BRDA:173,34,1,0
BRF:65
BRH:0
end_of_record
TN:
SF:utils/teacherPdfGeneration.js
FN:9,(anonymous_0)
FN:18,(anonymous_1)
FN:25,(anonymous_2)
FN:32,(anonymous_3)
FN:45,(anonymous_4)
FN:63,(anonymous_5)
FN:83,(anonymous_6)
FN:88,(anonymous_7)
FN:128,(anonymous_8)
FN:167,(anonymous_9)
FN:172,(anonymous_10)
FN:177,(anonymous_11)
FN:186,(anonymous_12)
FN:213,(anonymous_13)
FN:223,(anonymous_14)
FN:243,(anonymous_15)
FN:317,(anonymous_16)
FNF:17
FNH:0
FNDA:0,(anonymous_0)
FNDA:0,(anonymous_1)
FNDA:0,(anonymous_2)
FNDA:0,(anonymous_3)
FNDA:0,(anonymous_4)
FNDA:0,(anonymous_5)
FNDA:0,(anonymous_6)
FNDA:0,(anonymous_7)
FNDA:0,(anonymous_8)
FNDA:0,(anonymous_9)
FNDA:0,(anonymous_10)
FNDA:0,(anonymous_11)
FNDA:0,(anonymous_12)
FNDA:0,(anonymous_13)
FNDA:0,(anonymous_14)
FNDA:0,(anonymous_15)
FNDA:0,(anonymous_16)
DA:1,0
DA:2,0
DA:10,0
DA:12,0
DA:13,0
DA:14,0
DA:19,0
DA:20,0
DA:22,0
DA:26,0
DA:27,0
DA:29,0
DA:33,0
DA:34,0
DA:36,0
DA:46,0
DA:47,0
DA:49,0
DA:54,0
DA:55,0
DA:58,0
DA:61,0
DA:63,0
DA:64,0
DA:65,0
DA:69,0
DA:71,0
DA:72,0
DA:74,0
DA:77,0
DA:81,0
DA:83,0
DA:84,0
DA:85,0
DA:88,0
DA:97,0
DA:107,0
DA:110,0
DA:111,0
DA:113,0
DA:117,0
DA:125,0
DA:127,0
DA:128,0
DA:135,0
DA:142,0
DA:145,0
DA:148,0
DA:151,0
DA:153,0
DA:154,0
DA:157,0
DA:158,0
DA:168,0
DA:169,0
DA:172,0
DA:173,0
DA:174,0
DA:177,0
DA:178,0
DA:180,0
DA:182,0
DA:184,0
DA:186,0
DA:195,0
DA:205,0
DA:206,0
DA:214,0
DA:215,0
DA:224,0
DA:225,0
DA:228,0
DA:231,0
DA:232,0
DA:235,0
DA:237,0
DA:238,0
DA:241,0
DA:243,0
DA:244,0
DA:245,0
DA:248,0
DA:249,0
DA:250,0
DA:253,0
DA:254,0
DA:256,0
DA:259,0
DA:271,0
DA:272,0
DA:275,0
DA:283,0
DA:284,0
DA:290,0
DA:291,0
DA:292,0
DA:295,0
DA:301,0
DA:303,0
DA:304,0
DA:307,0
DA:308,0
DA:318,0
DA:320,0
DA:329,0
LF:105
LH:0
BRDA:19,0,0,0
BRDA:19,0,1,0
BRDA:26,1,0,0
BRDA:26,1,1,0
BRDA:33,2,0,0
BRDA:33,2,1,0
BRDA:45,3,0,0
BRDA:54,4,0,0
BRDA:54,4,1,0
BRDA:54,5,0,0
BRDA:54,5,1,0
BRDA:63,6,0,0
BRDA:63,6,1,0
BRDA:63,7,0,0
BRDA:63,7,1,0
BRDA:83,8,0,0
BRDA:83,8,1,0
BRDA:83,9,0,0
BRDA:83,9,1,0
BRDA:119,10,0,0
BRDA:119,10,1,0
BRDA:121,11,0,0
BRDA:121,11,1,0
BRDA:180,12,0,0
BRDA:180,12,1,0
BRDA:182,13,0,0
BRDA:182,13,1,0
BRDA:189,14,0,0
BRDA:189,14,1,0
BRDA:198,15,0,0
BRDA:198,15,1,0
BRDA:213,16,0,0
BRDA:223,17,0,0
BRDA:231,18,0,0
BRDA:231,18,1,0
BRDA:243,19,0,0
BRDA:243,19,1,0
BRDA:243,20,0,0
BRDA:243,20,1,0
BRDA:253,21,0,0
BRDA:253,21,1,0
BRDA:277,22,0,0
BRDA:277,22,1,0
BRDA:279,23,0,0
BRDA:279,23,1,0
BRDA:324,24,0,0
BRDA:324,24,1,0
BRF:47
BRH:0
end_of_record
TN:
SF:utils/timeUtils.js
FN:9,validateTimeFormat
FN:21,calculateTimeDifference
FN:38,formatTimeToDisplay
FN:54,createTimeSlotDisplayName
FNF:4
FNH:0
FNDA:0,validateTimeFormat
FNDA:0,calculateTimeDifference
FNDA:0,formatTimeToDisplay
FNDA:0,createTimeSlotDisplayName
DA:10,0
DA:11,0
DA:14,0
DA:15,0
DA:22,0
DA:23,0
DA:26,0
DA:27,0
DA:29,0
DA:30,0
DA:32,0
DA:39,0
DA:40,0
DA:43,0
DA:44,0
DA:45,0
DA:46,0
DA:48,0
DA:55,0
DA:56,0
DA:59,0
DA:62,0
LF:22
LH:0
BRDA:10,0,0,0
BRDA:10,0,1,0
BRDA:10,1,0,0
BRDA:10,1,1,0
BRDA:22,2,0,0
BRDA:22,2,1,0
BRDA:22,3,0,0
BRDA:22,3,1,0
BRDA:39,4,0,0
BRDA:39,4,1,0
BRDA:45,5,0,0
BRDA:45,5,1,0
BRDA:46,6,0,0
BRDA:46,6,1,0
BRDA:46,7,0,0
BRDA:46,7,1,0
BRDA:55,8,0,0
BRDA:55,8,1,0
BRDA:55,9,0,0
BRDA:55,9,1,0
BRF:20
BRH:0
end_of_record
TN:
SF:utils/validation.js
FN:8,validateRoutineSlot
FN:70,validateTimeSlot
FN:117,validateRoom
FN:152,validateTeacher
FN:185,validateSubject
FN:211,sanitizeInput
FN:214,(anonymous_6)
FN:220,(anonymous_7)
FN:236,formatValidationErrors
FN:240,(anonymous_9)
FN:250,handleValidationErrors
FNF:11
FNH:0
FNDA:0,validateRoutineSlot
FNDA:0,validateTimeSlot
FNDA:0,validateRoom
FNDA:0,validateTeacher
FNDA:0,validateSubject
FNDA:0,sanitizeInput
FNDA:0,(anonymous_6)
FNDA:0,(anonymous_7)
FNDA:0,formatValidationErrors
FNDA:0,(anonymous_9)
FNDA:0,handleValidationErrors
DA:1,0
DA:9,0
DA:12,0
DA:13,0
DA:16,0
DA:17,0
DA:20,0
DA:21,0
DA:24,0
DA:25,0
DA:28,0
DA:29,0
DA:33,0
DA:34,0
DA:37,0
DA:38,0
DA:41,0
DA:42,0
DA:46,0
DA:47,0
DA:51,0
DA:52,0
DA:55,0
DA:56,0
DA:59,0
DA:71,0
DA:73,0
DA:74,0
DA:77,0
DA:78,0
DA:81,0
DA:82,0
DA:86,0
DA:88,0
DA:89,0
DA:92,0
DA:93,0
DA:97,0
DA:98,0
DA:99,0
DA:101,0
DA:102,0
DA:106,0
DA:118,0
DA:120,0
DA:121,0
DA:124,0
DA:125,0
DA:128,0
DA:129,0
DA:132,0
DA:133,0
DA:136,0
DA:137,0
DA:138,0
DA:141,0
DA:153,0
DA:155,0
DA:156,0
DA:159,0
DA:160,0
DA:163,0
DA:164,0
DA:167,0
DA:168,0
DA:169,0
DA:170,0
DA:174,0
DA:186,0
DA:188,0
DA:189,0
DA:192,0
DA:193,0
DA:196,0
DA:197,0
DA:200,0
DA:212,0
DA:214,0
DA:215,0
DA:217,0
DA:218,0
DA:219,0
DA:220,0
DA:221,0
DA:224,0
DA:228,0
DA:237,0
DA:240,0
DA:251,0
DA:252,0
DA:253,0
DA:259,0
DA:262,0
LF:93
LH:0
BRDA:12,0,0,0
BRDA:12,0,1,0
BRDA:16,1,0,0
BRDA:16,1,1,0
BRDA:16,2,0,0
BRDA:16,2,1,0
BRDA:20,3,0,0
BRDA:20,3,1,0
BRDA:24,4,0,0
BRDA:24,4,1,0
BRDA:24,5,0,0
BRDA:24,5,1,0
BRDA:28,6,0,0
BRDA:28,6,1,0
BRDA:28,7,0,0
BRDA:28,7,1,0
BRDA:33,8,0,0
BRDA:33,8,1,0
BRDA:33,9,0,0
BRDA:33,9,1,0
BRDA:33,9,2,0
BRDA:37,10,0,0
BRDA:37,10,1,0
BRDA:37,11,0,0
BRDA:37,11,1,0
BRDA:41,12,0,0
BRDA:41,12,1,0
BRDA:41,13,0,0
BRDA:41,13,1,0
BRDA:41,13,2,0
BRDA:46,14,0,0
BRDA:46,14,1,0
BRDA:46,15,0,0
BRDA:46,15,1,0
BRDA:46,15,2,0
BRDA:51,16,0,0
BRDA:51,16,1,0
BRDA:51,17,0,0
BRDA:51,17,1,0
BRDA:55,18,0,0
BRDA:55,18,1,0
BRDA:55,19,0,0
BRDA:55,19,1,0
BRDA:73,20,0,0
BRDA:73,20,1,0
BRDA:77,21,0,0
BRDA:77,21,1,0
BRDA:81,22,0,0
BRDA:81,22,1,0
BRDA:88,23,0,0
BRDA:88,23,1,0
BRDA:88,24,0,0
BRDA:88,24,1,0
BRDA:92,25,0,0
BRDA:92,25,1,0
BRDA:92,26,0,0
BRDA:92,26,1,0
BRDA:97,27,0,0
BRDA:97,27,1,0
BRDA:97,28,0,0
BRDA:97,28,1,0
BRDA:101,29,0,0
BRDA:101,29,1,0
BRDA:120,30,0,0
BRDA:120,30,1,0
BRDA:124,31,0,0
BRDA:124,31,1,0
BRDA:128,32,0,0
BRDA:128,32,1,0
BRDA:128,33,0,0
BRDA:128,33,1,0
BRDA:128,33,2,0
BRDA:132,34,0,0
BRDA:132,34,1,0
BRDA:132,35,0,0
BRDA:132,35,1,0
BRDA:132,35,2,0
BRDA:137,36,0,0
BRDA:137,36,1,0
BRDA:137,37,0,0
BRDA:137,37,1,0
BRDA:155,38,0,0
BRDA:155,38,1,0
BRDA:159,39,0,0
BRDA:159,39,1,0
BRDA:163,40,0,0
BRDA:163,40,1,0
BRDA:163,41,0,0
BRDA:163,41,1,0
BRDA:167,42,0,0
BRDA:167,42,1,0
BRDA:169,43,0,0
BRDA:169,43,1,0
BRDA:188,44,0,0
BRDA:188,44,1,0
BRDA:192,45,0,0
BRDA:192,45,1,0
BRDA:196,46,0,0
BRDA:196,46,1,0
BRDA:196,47,0,0
BRDA:196,47,1,0
BRDA:196,47,2,0
BRDA:217,48,0,0
BRDA:217,48,1,0
BRDA:219,49,0,0
BRDA:219,49,1,0
BRDA:221,50,0,0
BRDA:221,50,1,0
BRDA:252,51,0,0
BRDA:252,51,1,0
BRF:110
BRH:0
end_of_record
